The target system is: Linux -  - arm
The host system is: Linux - 5.15.0-134-generic - x86_64
Compiling the C compiler identification source file "CMakeCCompilerId.c" succeeded.
Compiler: /home/xjy/1106b/ttys2+blooth_but_erofs/rv1106b_rv1103b_linux_ipc_v1.0.0_20241016/tools/linux/toolchain/arm-rockchip831-linux-uclibcgnueabihf/bin/arm-rockchip831-linux-uclibcgnueabihf-cc 
Build flags: 
Id flags:  

The output was:
0


Compilation of the C compiler identification source "CMakeCCompilerId.c" produced "a.out"

The C compiler identification is GNU, found in "/home/xjy/1106b/main/main/build-arm/CMakeFiles/3.16.3/CompilerIdC/a.out"

Compiling the CXX compiler identification source file "CMakeCXXCompilerId.cpp" succeeded.
Compiler: /home/xjy/1106b/ttys2+blooth_but_erofs/rv1106b_rv1103b_linux_ipc_v1.0.0_20241016/tools/linux/toolchain/arm-rockchip831-linux-uclibcgnueabihf/bin/arm-rockchip831-linux-uclibcgnueabihf-g++ 
Build flags: 
Id flags:  

The output was:
0


Compilation of the CXX compiler identification source "CMakeCXXCompilerId.cpp" produced "a.out"

The CXX compiler identification is GNU, found in "/home/xjy/1106b/main/main/build-arm/CMakeFiles/3.16.3/CompilerIdCXX/a.out"

Determining if the C compiler works passed with the following output:
Change Dir: /home/xjy/1106b/main/main/build-arm/CMakeFiles/CMakeTmp

Run Build Command(s):/usr/bin/make cmTC_f47c1/fast && /usr/bin/make -f CMakeFiles/cmTC_f47c1.dir/build.make CMakeFiles/cmTC_f47c1.dir/build
make[1]: Entering directory '/home/xjy/1106b/main/main/build-arm/CMakeFiles/CMakeTmp'
Building C object CMakeFiles/cmTC_f47c1.dir/testCCompiler.c.o
/home/xjy/1106b/ttys2+blooth_but_erofs/rv1106b_rv1103b_linux_ipc_v1.0.0_20241016/tools/linux/toolchain/arm-rockchip831-linux-uclibcgnueabihf/bin/arm-rockchip831-linux-uclibcgnueabihf-cc    -o CMakeFiles/cmTC_f47c1.dir/testCCompiler.c.o   -c /home/xjy/1106b/main/main/build-arm/CMakeFiles/CMakeTmp/testCCompiler.c
Linking C executable cmTC_f47c1
/usr/bin/cmake -E cmake_link_script CMakeFiles/cmTC_f47c1.dir/link.txt --verbose=1
/home/xjy/1106b/ttys2+blooth_but_erofs/rv1106b_rv1103b_linux_ipc_v1.0.0_20241016/tools/linux/toolchain/arm-rockchip831-linux-uclibcgnueabihf/bin/arm-rockchip831-linux-uclibcgnueabihf-cc      CMakeFiles/cmTC_f47c1.dir/testCCompiler.c.o  -o cmTC_f47c1 
make[1]: Leaving directory '/home/xjy/1106b/main/main/build-arm/CMakeFiles/CMakeTmp'



Detecting C compiler ABI info compiled with the following output:
Change Dir: /home/xjy/1106b/main/main/build-arm/CMakeFiles/CMakeTmp

Run Build Command(s):/usr/bin/make cmTC_0b9ee/fast && /usr/bin/make -f CMakeFiles/cmTC_0b9ee.dir/build.make CMakeFiles/cmTC_0b9ee.dir/build
make[1]: Entering directory '/home/xjy/1106b/main/main/build-arm/CMakeFiles/CMakeTmp'
Building C object CMakeFiles/cmTC_0b9ee.dir/CMakeCCompilerABI.c.o
/home/xjy/1106b/ttys2+blooth_but_erofs/rv1106b_rv1103b_linux_ipc_v1.0.0_20241016/tools/linux/toolchain/arm-rockchip831-linux-uclibcgnueabihf/bin/arm-rockchip831-linux-uclibcgnueabihf-cc   -v -o CMakeFiles/cmTC_0b9ee.dir/CMakeCCompilerABI.c.o   -c /usr/share/cmake-3.16/Modules/CMakeCCompilerABI.c
Using built-in specs.
COLLECT_GCC=/home/xjy/1106b/ttys2+blooth_but_erofs/rv1106b_rv1103b_linux_ipc_v1.0.0_20241016/tools/linux/toolchain/arm-rockchip831-linux-uclibcgnueabihf/bin/arm-rockchip831-linux-uclibcgnueabihf-cc
Target: arm-rockchip831-linux-uclibcgnueabihf
Configured with: /opt/crosstool-ng/.build/arm-rockchip831-linux-uclibcgnueabihf/src/gcc/configure --build=x86_64-build_pc-linux-gnu --host=x86_64-build_pc-linux-gnu --target=arm-rockchip831-linux-uclibcgnueabihf --prefix=/opt/crosstool-ng/x-tool/arm-rockchip831-linux-uclibcgnueabihf --with-sysroot=/opt/crosstool-ng/x-tool/arm-rockchip831-linux-uclibcgnueabihf/arm-rockchip831-linux-uclibcgnueabihf/sysroot --enable-languages=c,c++,fortran --with-arch=armv7-a --with-fpu=neon-vfpv4 --with-float=hard --with-pkgversion='crosstool-NG 1.24.0 - v1.0.50' --enable-__cxa_atexit --disable-libmudflap --disable-libgomp --disable-libssp --disable-libquadmath --disable-libquadmath-support --disable-libsanitizer --disable-libmpx --with-gmp=/opt/crosstool-ng/.build/arm-rockchip831-linux-uclibcgnueabihf/buildtools --with-mpfr=/opt/crosstool-ng/.build/arm-rockchip831-linux-uclibcgnueabihf/buildtools --with-mpc=/opt/crosstool-ng/.build/arm-rockchip831-linux-uclibcgnueabihf/buildtools --with-isl=/opt/crosstool-ng/.build/arm-rockchip831-linux-uclibcgnueabihf/buildtools --disable-lto --with-host-libstdcxx='-static-libgcc -Wl,-Bstatic,-lstdc++ -lm' --enable-threads=posix --enable-target-optspace --disable-plugin --disable-nls --disable-multilib --with-local-prefix=/opt/crosstool-ng/x-tool/arm-rockchip831-linux-uclibcgnueabihf/arm-rockchip831-linux-uclibcgnueabihf/sysroot --enable-long-long
Thread model: posix
gcc version 8.3.0 (crosstool-NG 1.24.0 - v1.0.50) 
COLLECT_GCC_OPTIONS='-v' '-o' 'CMakeFiles/cmTC_0b9ee.dir/CMakeCCompilerABI.c.o' '-c'  '-mfloat-abi=hard' '-mfpu=neon-vfpv4' '-mtls-dialect=gnu' '-marm' '-march=armv7-a+neon-vfpv4'
 /home/xjy/1106b/ttys2+blooth_but_erofs/rv1106b_rv1103b_linux_ipc_v1.0.0_20241016/tools/linux/toolchain/arm-rockchip831-linux-uclibcgnueabihf/bin/../libexec/gcc/arm-rockchip831-linux-uclibcgnueabihf/8.3.0/cc1 -quiet -v -iprefix /home/xjy/1106b/ttys2+blooth_but_erofs/rv1106b_rv1103b_linux_ipc_v1.0.0_20241016/tools/linux/toolchain/arm-rockchip831-linux-uclibcgnueabihf/bin/../lib/gcc/arm-rockchip831-linux-uclibcgnueabihf/8.3.0/ -isysroot /home/xjy/1106b/ttys2+blooth_but_erofs/rv1106b_rv1103b_linux_ipc_v1.0.0_20241016/tools/linux/toolchain/arm-rockchip831-linux-uclibcgnueabihf/bin/../arm-rockchip831-linux-uclibcgnueabihf/sysroot /usr/share/cmake-3.16/Modules/CMakeCCompilerABI.c -quiet -dumpbase CMakeCCompilerABI.c -mfloat-abi=hard -mfpu=neon-vfpv4 -mtls-dialect=gnu -marm -march=armv7-a+neon-vfpv4 -auxbase-strip CMakeFiles/cmTC_0b9ee.dir/CMakeCCompilerABI.c.o -version -o /tmp/ccpmNFBa.s
GNU C17 (crosstool-NG 1.24.0 - v1.0.50) version 8.3.0 (arm-rockchip831-linux-uclibcgnueabihf)
	compiled by GNU C version 7.5.0, GMP version 6.1.2, MPFR version 4.0.2, MPC version 1.1.0, isl version isl-0.24-GMP

GGC heuristics: --param ggc-min-expand=100 --param ggc-min-heapsize=131072
ignoring duplicate directory "/home/xjy/1106b/ttys2+blooth_but_erofs/rv1106b_rv1103b_linux_ipc_v1.0.0_20241016/tools/linux/toolchain/arm-rockchip831-linux-uclibcgnueabihf/bin/../lib/gcc/../../lib/gcc/arm-rockchip831-linux-uclibcgnueabihf/8.3.0/include"
ignoring nonexistent directory "/home/xjy/1106b/ttys2+blooth_but_erofs/rv1106b_rv1103b_linux_ipc_v1.0.0_20241016/tools/linux/toolchain/arm-rockchip831-linux-uclibcgnueabihf/bin/../arm-rockchip831-linux-uclibcgnueabihf/sysroot/opt/crosstool-ng/x-tool/arm-rockchip831-linux-uclibcgnueabihf/arm-rockchip831-linux-uclibcgnueabihf/sysroot/include"
ignoring duplicate directory "/home/xjy/1106b/ttys2+blooth_but_erofs/rv1106b_rv1103b_linux_ipc_v1.0.0_20241016/tools/linux/toolchain/arm-rockchip831-linux-uclibcgnueabihf/bin/../lib/gcc/../../lib/gcc/arm-rockchip831-linux-uclibcgnueabihf/8.3.0/include-fixed"
ignoring duplicate directory "/home/xjy/1106b/ttys2+blooth_but_erofs/rv1106b_rv1103b_linux_ipc_v1.0.0_20241016/tools/linux/toolchain/arm-rockchip831-linux-uclibcgnueabihf/bin/../lib/gcc/../../lib/gcc/arm-rockchip831-linux-uclibcgnueabihf/8.3.0/../../../../arm-rockchip831-linux-uclibcgnueabihf/include"
#include "..." search starts here:
#include <...> search starts here:
 /home/xjy/1106b/ttys2+blooth_but_erofs/rv1106b_rv1103b_linux_ipc_v1.0.0_20241016/tools/linux/toolchain/arm-rockchip831-linux-uclibcgnueabihf/bin/../lib/gcc/arm-rockchip831-linux-uclibcgnueabihf/8.3.0/include
 /home/xjy/1106b/ttys2+blooth_but_erofs/rv1106b_rv1103b_linux_ipc_v1.0.0_20241016/tools/linux/toolchain/arm-rockchip831-linux-uclibcgnueabihf/bin/../lib/gcc/arm-rockchip831-linux-uclibcgnueabihf/8.3.0/include-fixed
 /home/xjy/1106b/ttys2+blooth_but_erofs/rv1106b_rv1103b_linux_ipc_v1.0.0_20241016/tools/linux/toolchain/arm-rockchip831-linux-uclibcgnueabihf/bin/../lib/gcc/arm-rockchip831-linux-uclibcgnueabihf/8.3.0/../../../../arm-rockchip831-linux-uclibcgnueabihf/include
 /home/xjy/1106b/ttys2+blooth_but_erofs/rv1106b_rv1103b_linux_ipc_v1.0.0_20241016/tools/linux/toolchain/arm-rockchip831-linux-uclibcgnueabihf/bin/../arm-rockchip831-linux-uclibcgnueabihf/sysroot/usr/include
End of search list.
GNU C17 (crosstool-NG 1.24.0 - v1.0.50) version 8.3.0 (arm-rockchip831-linux-uclibcgnueabihf)
	compiled by GNU C version 7.5.0, GMP version 6.1.2, MPFR version 4.0.2, MPC version 1.1.0, isl version isl-0.24-GMP

GGC heuristics: --param ggc-min-expand=100 --param ggc-min-heapsize=131072
Compiler executable checksum: 43999957096320054d917fa1024fe014
COLLECT_GCC_OPTIONS='-v' '-o' 'CMakeFiles/cmTC_0b9ee.dir/CMakeCCompilerABI.c.o' '-c'  '-mfloat-abi=hard' '-mfpu=neon-vfpv4' '-mtls-dialect=gnu' '-marm' '-march=armv7-a+neon-vfpv4'
 /home/xjy/1106b/ttys2+blooth_but_erofs/rv1106b_rv1103b_linux_ipc_v1.0.0_20241016/tools/linux/toolchain/arm-rockchip831-linux-uclibcgnueabihf/bin/../lib/gcc/arm-rockchip831-linux-uclibcgnueabihf/8.3.0/../../../../arm-rockchip831-linux-uclibcgnueabihf/bin/as -v -march=armv7-a -mfloat-abi=hard -mfpu=neon-vfpv4 -meabi=5 -o CMakeFiles/cmTC_0b9ee.dir/CMakeCCompilerABI.c.o /tmp/ccpmNFBa.s
GNU assembler version 2.32 (arm-rockchip831-linux-uclibcgnueabihf) using BFD version (crosstool-NG 1.24.0 - v1.0.50) 2.32
COMPILER_PATH=/home/xjy/1106b/ttys2+blooth_but_erofs/rv1106b_rv1103b_linux_ipc_v1.0.0_20241016/tools/linux/toolchain/arm-rockchip831-linux-uclibcgnueabihf/bin/../libexec/gcc/arm-rockchip831-linux-uclibcgnueabihf/8.3.0/:/home/xjy/1106b/ttys2+blooth_but_erofs/rv1106b_rv1103b_linux_ipc_v1.0.0_20241016/tools/linux/toolchain/arm-rockchip831-linux-uclibcgnueabihf/bin/../libexec/gcc/:/home/xjy/1106b/ttys2+blooth_but_erofs/rv1106b_rv1103b_linux_ipc_v1.0.0_20241016/tools/linux/toolchain/arm-rockchip831-linux-uclibcgnueabihf/bin/../lib/gcc/arm-rockchip831-linux-uclibcgnueabihf/8.3.0/../../../../arm-rockchip831-linux-uclibcgnueabihf/bin/
LIBRARY_PATH=/home/xjy/1106b/ttys2+blooth_but_erofs/rv1106b_rv1103b_linux_ipc_v1.0.0_20241016/tools/linux/toolchain/arm-rockchip831-linux-uclibcgnueabihf/bin/../lib/gcc/arm-rockchip831-linux-uclibcgnueabihf/8.3.0/:/home/xjy/1106b/ttys2+blooth_but_erofs/rv1106b_rv1103b_linux_ipc_v1.0.0_20241016/tools/linux/toolchain/arm-rockchip831-linux-uclibcgnueabihf/bin/../lib/gcc/:/home/xjy/1106b/ttys2+blooth_but_erofs/rv1106b_rv1103b_linux_ipc_v1.0.0_20241016/tools/linux/toolchain/arm-rockchip831-linux-uclibcgnueabihf/bin/../lib/gcc/arm-rockchip831-linux-uclibcgnueabihf/8.3.0/../../../../arm-rockchip831-linux-uclibcgnueabihf/lib/:/home/xjy/1106b/ttys2+blooth_but_erofs/rv1106b_rv1103b_linux_ipc_v1.0.0_20241016/tools/linux/toolchain/arm-rockchip831-linux-uclibcgnueabihf/bin/../arm-rockchip831-linux-uclibcgnueabihf/sysroot/lib/:/home/xjy/1106b/ttys2+blooth_but_erofs/rv1106b_rv1103b_linux_ipc_v1.0.0_20241016/tools/linux/toolchain/arm-rockchip831-linux-uclibcgnueabihf/bin/../arm-rockchip831-linux-uclibcgnueabihf/sysroot/usr/lib/
COLLECT_GCC_OPTIONS='-v' '-o' 'CMakeFiles/cmTC_0b9ee.dir/CMakeCCompilerABI.c.o' '-c'  '-mfloat-abi=hard' '-mfpu=neon-vfpv4' '-mtls-dialect=gnu' '-marm' '-march=armv7-a+neon-vfpv4'
Linking C executable cmTC_0b9ee
/usr/bin/cmake -E cmake_link_script CMakeFiles/cmTC_0b9ee.dir/link.txt --verbose=1
/home/xjy/1106b/ttys2+blooth_but_erofs/rv1106b_rv1103b_linux_ipc_v1.0.0_20241016/tools/linux/toolchain/arm-rockchip831-linux-uclibcgnueabihf/bin/arm-rockchip831-linux-uclibcgnueabihf-cc     -v CMakeFiles/cmTC_0b9ee.dir/CMakeCCompilerABI.c.o  -o cmTC_0b9ee 
Using built-in specs.
COLLECT_GCC=/home/xjy/1106b/ttys2+blooth_but_erofs/rv1106b_rv1103b_linux_ipc_v1.0.0_20241016/tools/linux/toolchain/arm-rockchip831-linux-uclibcgnueabihf/bin/arm-rockchip831-linux-uclibcgnueabihf-cc
COLLECT_LTO_WRAPPER=/home/xjy/1106b/ttys2+blooth_but_erofs/rv1106b_rv1103b_linux_ipc_v1.0.0_20241016/tools/linux/toolchain/arm-rockchip831-linux-uclibcgnueabihf/bin/../libexec/gcc/arm-rockchip831-linux-uclibcgnueabihf/8.3.0/lto-wrapper
Target: arm-rockchip831-linux-uclibcgnueabihf
Configured with: /opt/crosstool-ng/.build/arm-rockchip831-linux-uclibcgnueabihf/src/gcc/configure --build=x86_64-build_pc-linux-gnu --host=x86_64-build_pc-linux-gnu --target=arm-rockchip831-linux-uclibcgnueabihf --prefix=/opt/crosstool-ng/x-tool/arm-rockchip831-linux-uclibcgnueabihf --with-sysroot=/opt/crosstool-ng/x-tool/arm-rockchip831-linux-uclibcgnueabihf/arm-rockchip831-linux-uclibcgnueabihf/sysroot --enable-languages=c,c++,fortran --with-arch=armv7-a --with-fpu=neon-vfpv4 --with-float=hard --with-pkgversion='crosstool-NG 1.24.0 - v1.0.50' --enable-__cxa_atexit --disable-libmudflap --disable-libgomp --disable-libssp --disable-libquadmath --disable-libquadmath-support --disable-libsanitizer --disable-libmpx --with-gmp=/opt/crosstool-ng/.build/arm-rockchip831-linux-uclibcgnueabihf/buildtools --with-mpfr=/opt/crosstool-ng/.build/arm-rockchip831-linux-uclibcgnueabihf/buildtools --with-mpc=/opt/crosstool-ng/.build/arm-rockchip831-linux-uclibcgnueabihf/buildtools --with-isl=/opt/crosstool-ng/.build/arm-rockchip831-linux-uclibcgnueabihf/buildtools --disable-lto --with-host-libstdcxx='-static-libgcc -Wl,-Bstatic,-lstdc++ -lm' --enable-threads=posix --enable-target-optspace --disable-plugin --disable-nls --disable-multilib --with-local-prefix=/opt/crosstool-ng/x-tool/arm-rockchip831-linux-uclibcgnueabihf/arm-rockchip831-linux-uclibcgnueabihf/sysroot --enable-long-long
Thread model: posix
gcc version 8.3.0 (crosstool-NG 1.24.0 - v1.0.50) 
COMPILER_PATH=/home/xjy/1106b/ttys2+blooth_but_erofs/rv1106b_rv1103b_linux_ipc_v1.0.0_20241016/tools/linux/toolchain/arm-rockchip831-linux-uclibcgnueabihf/bin/../libexec/gcc/arm-rockchip831-linux-uclibcgnueabihf/8.3.0/:/home/xjy/1106b/ttys2+blooth_but_erofs/rv1106b_rv1103b_linux_ipc_v1.0.0_20241016/tools/linux/toolchain/arm-rockchip831-linux-uclibcgnueabihf/bin/../libexec/gcc/:/home/xjy/1106b/ttys2+blooth_but_erofs/rv1106b_rv1103b_linux_ipc_v1.0.0_20241016/tools/linux/toolchain/arm-rockchip831-linux-uclibcgnueabihf/bin/../lib/gcc/arm-rockchip831-linux-uclibcgnueabihf/8.3.0/../../../../arm-rockchip831-linux-uclibcgnueabihf/bin/
LIBRARY_PATH=/home/xjy/1106b/ttys2+blooth_but_erofs/rv1106b_rv1103b_linux_ipc_v1.0.0_20241016/tools/linux/toolchain/arm-rockchip831-linux-uclibcgnueabihf/bin/../lib/gcc/arm-rockchip831-linux-uclibcgnueabihf/8.3.0/:/home/xjy/1106b/ttys2+blooth_but_erofs/rv1106b_rv1103b_linux_ipc_v1.0.0_20241016/tools/linux/toolchain/arm-rockchip831-linux-uclibcgnueabihf/bin/../lib/gcc/:/home/xjy/1106b/ttys2+blooth_but_erofs/rv1106b_rv1103b_linux_ipc_v1.0.0_20241016/tools/linux/toolchain/arm-rockchip831-linux-uclibcgnueabihf/bin/../lib/gcc/arm-rockchip831-linux-uclibcgnueabihf/8.3.0/../../../../arm-rockchip831-linux-uclibcgnueabihf/lib/:/home/xjy/1106b/ttys2+blooth_but_erofs/rv1106b_rv1103b_linux_ipc_v1.0.0_20241016/tools/linux/toolchain/arm-rockchip831-linux-uclibcgnueabihf/bin/../arm-rockchip831-linux-uclibcgnueabihf/sysroot/lib/:/home/xjy/1106b/ttys2+blooth_but_erofs/rv1106b_rv1103b_linux_ipc_v1.0.0_20241016/tools/linux/toolchain/arm-rockchip831-linux-uclibcgnueabihf/bin/../arm-rockchip831-linux-uclibcgnueabihf/sysroot/usr/lib/
COLLECT_GCC_OPTIONS='-v' '-o' 'cmTC_0b9ee'  '-mfloat-abi=hard' '-mfpu=neon-vfpv4' '-mtls-dialect=gnu' '-marm' '-march=armv7-a+neon-vfpv4'
 /home/xjy/1106b/ttys2+blooth_but_erofs/rv1106b_rv1103b_linux_ipc_v1.0.0_20241016/tools/linux/toolchain/arm-rockchip831-linux-uclibcgnueabihf/bin/../libexec/gcc/arm-rockchip831-linux-uclibcgnueabihf/8.3.0/collect2 --sysroot=/home/xjy/1106b/ttys2+blooth_but_erofs/rv1106b_rv1103b_linux_ipc_v1.0.0_20241016/tools/linux/toolchain/arm-rockchip831-linux-uclibcgnueabihf/bin/../arm-rockchip831-linux-uclibcgnueabihf/sysroot --eh-frame-hdr -dynamic-linker /lib/ld-uClibc.so.0 -X -m armelf_linux_eabi -o cmTC_0b9ee /home/xjy/1106b/ttys2+blooth_but_erofs/rv1106b_rv1103b_linux_ipc_v1.0.0_20241016/tools/linux/toolchain/arm-rockchip831-linux-uclibcgnueabihf/bin/../arm-rockchip831-linux-uclibcgnueabihf/sysroot/usr/lib/crt1.o /home/xjy/1106b/ttys2+blooth_but_erofs/rv1106b_rv1103b_linux_ipc_v1.0.0_20241016/tools/linux/toolchain/arm-rockchip831-linux-uclibcgnueabihf/bin/../arm-rockchip831-linux-uclibcgnueabihf/sysroot/usr/lib/crti.o /home/xjy/1106b/ttys2+blooth_but_erofs/rv1106b_rv1103b_linux_ipc_v1.0.0_20241016/tools/linux/toolchain/arm-rockchip831-linux-uclibcgnueabihf/bin/../lib/gcc/arm-rockchip831-linux-uclibcgnueabihf/8.3.0/crtbegin.o -L/home/xjy/1106b/ttys2+blooth_but_erofs/rv1106b_rv1103b_linux_ipc_v1.0.0_20241016/tools/linux/toolchain/arm-rockchip831-linux-uclibcgnueabihf/bin/../lib/gcc/arm-rockchip831-linux-uclibcgnueabihf/8.3.0 -L/home/xjy/1106b/ttys2+blooth_but_erofs/rv1106b_rv1103b_linux_ipc_v1.0.0_20241016/tools/linux/toolchain/arm-rockchip831-linux-uclibcgnueabihf/bin/../lib/gcc -L/home/xjy/1106b/ttys2+blooth_but_erofs/rv1106b_rv1103b_linux_ipc_v1.0.0_20241016/tools/linux/toolchain/arm-rockchip831-linux-uclibcgnueabihf/bin/../lib/gcc/arm-rockchip831-linux-uclibcgnueabihf/8.3.0/../../../../arm-rockchip831-linux-uclibcgnueabihf/lib -L/home/xjy/1106b/ttys2+blooth_but_erofs/rv1106b_rv1103b_linux_ipc_v1.0.0_20241016/tools/linux/toolchain/arm-rockchip831-linux-uclibcgnueabihf/bin/../arm-rockchip831-linux-uclibcgnueabihf/sysroot/lib -L/home/xjy/1106b/ttys2+blooth_but_erofs/rv1106b_rv1103b_linux_ipc_v1.0.0_20241016/tools/linux/toolchain/arm-rockchip831-linux-uclibcgnueabihf/bin/../arm-rockchip831-linux-uclibcgnueabihf/sysroot/usr/lib CMakeFiles/cmTC_0b9ee.dir/CMakeCCompilerABI.c.o -lgcc --as-needed -lgcc_s --no-as-needed -lc -lgcc --as-needed -lgcc_s --no-as-needed /home/xjy/1106b/ttys2+blooth_but_erofs/rv1106b_rv1103b_linux_ipc_v1.0.0_20241016/tools/linux/toolchain/arm-rockchip831-linux-uclibcgnueabihf/bin/../lib/gcc/arm-rockchip831-linux-uclibcgnueabihf/8.3.0/crtend.o /home/xjy/1106b/ttys2+blooth_but_erofs/rv1106b_rv1103b_linux_ipc_v1.0.0_20241016/tools/linux/toolchain/arm-rockchip831-linux-uclibcgnueabihf/bin/../arm-rockchip831-linux-uclibcgnueabihf/sysroot/usr/lib/crtn.o
COLLECT_GCC_OPTIONS='-v' '-o' 'cmTC_0b9ee'  '-mfloat-abi=hard' '-mfpu=neon-vfpv4' '-mtls-dialect=gnu' '-marm' '-march=armv7-a+neon-vfpv4'
make[1]: Leaving directory '/home/xjy/1106b/main/main/build-arm/CMakeFiles/CMakeTmp'



Parsed C implicit include dir info from above output: rv=done
  found start of include info
  found start of implicit include info
    add: [/home/xjy/1106b/ttys2+blooth_but_erofs/rv1106b_rv1103b_linux_ipc_v1.0.0_20241016/tools/linux/toolchain/arm-rockchip831-linux-uclibcgnueabihf/bin/../lib/gcc/arm-rockchip831-linux-uclibcgnueabihf/8.3.0/include]
    add: [/home/xjy/1106b/ttys2+blooth_but_erofs/rv1106b_rv1103b_linux_ipc_v1.0.0_20241016/tools/linux/toolchain/arm-rockchip831-linux-uclibcgnueabihf/bin/../lib/gcc/arm-rockchip831-linux-uclibcgnueabihf/8.3.0/include-fixed]
    add: [/home/xjy/1106b/ttys2+blooth_but_erofs/rv1106b_rv1103b_linux_ipc_v1.0.0_20241016/tools/linux/toolchain/arm-rockchip831-linux-uclibcgnueabihf/bin/../lib/gcc/arm-rockchip831-linux-uclibcgnueabihf/8.3.0/../../../../arm-rockchip831-linux-uclibcgnueabihf/include]
    add: [/home/xjy/1106b/ttys2+blooth_but_erofs/rv1106b_rv1103b_linux_ipc_v1.0.0_20241016/tools/linux/toolchain/arm-rockchip831-linux-uclibcgnueabihf/bin/../arm-rockchip831-linux-uclibcgnueabihf/sysroot/usr/include]
  end of search list found
  collapse include dir [/home/xjy/1106b/ttys2+blooth_but_erofs/rv1106b_rv1103b_linux_ipc_v1.0.0_20241016/tools/linux/toolchain/arm-rockchip831-linux-uclibcgnueabihf/bin/../lib/gcc/arm-rockchip831-linux-uclibcgnueabihf/8.3.0/include] ==> [/home/xjy/1106b/ttys2+blooth_but_erofs/rv1106b_rv1103b_linux_ipc_v1.0.0_20241016/tools/linux/toolchain/arm-rockchip831-linux-uclibcgnueabihf/lib/gcc/arm-rockchip831-linux-uclibcgnueabihf/8.3.0/include]
  collapse include dir [/home/xjy/1106b/ttys2+blooth_but_erofs/rv1106b_rv1103b_linux_ipc_v1.0.0_20241016/tools/linux/toolchain/arm-rockchip831-linux-uclibcgnueabihf/bin/../lib/gcc/arm-rockchip831-linux-uclibcgnueabihf/8.3.0/include-fixed] ==> [/home/xjy/1106b/ttys2+blooth_but_erofs/rv1106b_rv1103b_linux_ipc_v1.0.0_20241016/tools/linux/toolchain/arm-rockchip831-linux-uclibcgnueabihf/lib/gcc/arm-rockchip831-linux-uclibcgnueabihf/8.3.0/include-fixed]
  collapse include dir [/home/xjy/1106b/ttys2+blooth_but_erofs/rv1106b_rv1103b_linux_ipc_v1.0.0_20241016/tools/linux/toolchain/arm-rockchip831-linux-uclibcgnueabihf/bin/../lib/gcc/arm-rockchip831-linux-uclibcgnueabihf/8.3.0/../../../../arm-rockchip831-linux-uclibcgnueabihf/include] ==> [/home/xjy/1106b/ttys2+blooth_but_erofs/rv1106b_rv1103b_linux_ipc_v1.0.0_20241016/tools/linux/toolchain/arm-rockchip831-linux-uclibcgnueabihf/arm-rockchip831-linux-uclibcgnueabihf/include]
  collapse include dir [/home/xjy/1106b/ttys2+blooth_but_erofs/rv1106b_rv1103b_linux_ipc_v1.0.0_20241016/tools/linux/toolchain/arm-rockchip831-linux-uclibcgnueabihf/bin/../arm-rockchip831-linux-uclibcgnueabihf/sysroot/usr/include] ==> [/home/xjy/1106b/ttys2+blooth_but_erofs/rv1106b_rv1103b_linux_ipc_v1.0.0_20241016/tools/linux/toolchain/arm-rockchip831-linux-uclibcgnueabihf/arm-rockchip831-linux-uclibcgnueabihf/sysroot/usr/include]
  implicit include dirs: [/home/xjy/1106b/ttys2+blooth_but_erofs/rv1106b_rv1103b_linux_ipc_v1.0.0_20241016/tools/linux/toolchain/arm-rockchip831-linux-uclibcgnueabihf/lib/gcc/arm-rockchip831-linux-uclibcgnueabihf/8.3.0/include;/home/xjy/1106b/ttys2+blooth_but_erofs/rv1106b_rv1103b_linux_ipc_v1.0.0_20241016/tools/linux/toolchain/arm-rockchip831-linux-uclibcgnueabihf/lib/gcc/arm-rockchip831-linux-uclibcgnueabihf/8.3.0/include-fixed;/home/xjy/1106b/ttys2+blooth_but_erofs/rv1106b_rv1103b_linux_ipc_v1.0.0_20241016/tools/linux/toolchain/arm-rockchip831-linux-uclibcgnueabihf/arm-rockchip831-linux-uclibcgnueabihf/include;/home/xjy/1106b/ttys2+blooth_but_erofs/rv1106b_rv1103b_linux_ipc_v1.0.0_20241016/tools/linux/toolchain/arm-rockchip831-linux-uclibcgnueabihf/arm-rockchip831-linux-uclibcgnueabihf/sysroot/usr/include]


Parsed C implicit link information from above output:
  link line regex: [^( *|.*[/\])(arm-rockchip831-linux-uclibcgnueabihf-ld|CMAKE_LINK_STARTFILE-NOTFOUND|([^/\]+-)?ld|collect2)[^/\]*( |$)]
  ignore line: [Change Dir: /home/xjy/1106b/main/main/build-arm/CMakeFiles/CMakeTmp]
  ignore line: []
  ignore line: [Run Build Command(s):/usr/bin/make cmTC_0b9ee/fast && /usr/bin/make -f CMakeFiles/cmTC_0b9ee.dir/build.make CMakeFiles/cmTC_0b9ee.dir/build]
  ignore line: [make[1]: Entering directory '/home/xjy/1106b/main/main/build-arm/CMakeFiles/CMakeTmp']
  ignore line: [Building C object CMakeFiles/cmTC_0b9ee.dir/CMakeCCompilerABI.c.o]
  ignore line: [/home/xjy/1106b/ttys2+blooth_but_erofs/rv1106b_rv1103b_linux_ipc_v1.0.0_20241016/tools/linux/toolchain/arm-rockchip831-linux-uclibcgnueabihf/bin/arm-rockchip831-linux-uclibcgnueabihf-cc   -v -o CMakeFiles/cmTC_0b9ee.dir/CMakeCCompilerABI.c.o   -c /usr/share/cmake-3.16/Modules/CMakeCCompilerABI.c]
  ignore line: [Using built-in specs.]
  ignore line: [COLLECT_GCC=/home/xjy/1106b/ttys2+blooth_but_erofs/rv1106b_rv1103b_linux_ipc_v1.0.0_20241016/tools/linux/toolchain/arm-rockchip831-linux-uclibcgnueabihf/bin/arm-rockchip831-linux-uclibcgnueabihf-cc]
  ignore line: [Target: arm-rockchip831-linux-uclibcgnueabihf]
  ignore line: [Configured with: /opt/crosstool-ng/.build/arm-rockchip831-linux-uclibcgnueabihf/src/gcc/configure --build=x86_64-build_pc-linux-gnu --host=x86_64-build_pc-linux-gnu --target=arm-rockchip831-linux-uclibcgnueabihf --prefix=/opt/crosstool-ng/x-tool/arm-rockchip831-linux-uclibcgnueabihf --with-sysroot=/opt/crosstool-ng/x-tool/arm-rockchip831-linux-uclibcgnueabihf/arm-rockchip831-linux-uclibcgnueabihf/sysroot --enable-languages=c c++ fortran --with-arch=armv7-a --with-fpu=neon-vfpv4 --with-float=hard --with-pkgversion='crosstool-NG 1.24.0 - v1.0.50' --enable-__cxa_atexit --disable-libmudflap --disable-libgomp --disable-libssp --disable-libquadmath --disable-libquadmath-support --disable-libsanitizer --disable-libmpx --with-gmp=/opt/crosstool-ng/.build/arm-rockchip831-linux-uclibcgnueabihf/buildtools --with-mpfr=/opt/crosstool-ng/.build/arm-rockchip831-linux-uclibcgnueabihf/buildtools --with-mpc=/opt/crosstool-ng/.build/arm-rockchip831-linux-uclibcgnueabihf/buildtools --with-isl=/opt/crosstool-ng/.build/arm-rockchip831-linux-uclibcgnueabihf/buildtools --disable-lto --with-host-libstdcxx='-static-libgcc -Wl -Bstatic -lstdc++ -lm' --enable-threads=posix --enable-target-optspace --disable-plugin --disable-nls --disable-multilib --with-local-prefix=/opt/crosstool-ng/x-tool/arm-rockchip831-linux-uclibcgnueabihf/arm-rockchip831-linux-uclibcgnueabihf/sysroot --enable-long-long]
  ignore line: [Thread model: posix]
  ignore line: [gcc version 8.3.0 (crosstool-NG 1.24.0 - v1.0.50) ]
  ignore line: [COLLECT_GCC_OPTIONS='-v' '-o' 'CMakeFiles/cmTC_0b9ee.dir/CMakeCCompilerABI.c.o' '-c'  '-mfloat-abi=hard' '-mfpu=neon-vfpv4' '-mtls-dialect=gnu' '-marm' '-march=armv7-a+neon-vfpv4']
  ignore line: [ /home/xjy/1106b/ttys2+blooth_but_erofs/rv1106b_rv1103b_linux_ipc_v1.0.0_20241016/tools/linux/toolchain/arm-rockchip831-linux-uclibcgnueabihf/bin/../libexec/gcc/arm-rockchip831-linux-uclibcgnueabihf/8.3.0/cc1 -quiet -v -iprefix /home/xjy/1106b/ttys2+blooth_but_erofs/rv1106b_rv1103b_linux_ipc_v1.0.0_20241016/tools/linux/toolchain/arm-rockchip831-linux-uclibcgnueabihf/bin/../lib/gcc/arm-rockchip831-linux-uclibcgnueabihf/8.3.0/ -isysroot /home/xjy/1106b/ttys2+blooth_but_erofs/rv1106b_rv1103b_linux_ipc_v1.0.0_20241016/tools/linux/toolchain/arm-rockchip831-linux-uclibcgnueabihf/bin/../arm-rockchip831-linux-uclibcgnueabihf/sysroot /usr/share/cmake-3.16/Modules/CMakeCCompilerABI.c -quiet -dumpbase CMakeCCompilerABI.c -mfloat-abi=hard -mfpu=neon-vfpv4 -mtls-dialect=gnu -marm -march=armv7-a+neon-vfpv4 -auxbase-strip CMakeFiles/cmTC_0b9ee.dir/CMakeCCompilerABI.c.o -version -o /tmp/ccpmNFBa.s]
  ignore line: [GNU C17 (crosstool-NG 1.24.0 - v1.0.50) version 8.3.0 (arm-rockchip831-linux-uclibcgnueabihf)]
  ignore line: [	compiled by GNU C version 7.5.0  GMP version 6.1.2  MPFR version 4.0.2  MPC version 1.1.0  isl version isl-0.24-GMP]
  ignore line: []
  ignore line: [GGC heuristics: --param ggc-min-expand=100 --param ggc-min-heapsize=131072]
  ignore line: [ignoring duplicate directory "/home/xjy/1106b/ttys2+blooth_but_erofs/rv1106b_rv1103b_linux_ipc_v1.0.0_20241016/tools/linux/toolchain/arm-rockchip831-linux-uclibcgnueabihf/bin/../lib/gcc/../../lib/gcc/arm-rockchip831-linux-uclibcgnueabihf/8.3.0/include"]
  ignore line: [ignoring nonexistent directory "/home/xjy/1106b/ttys2+blooth_but_erofs/rv1106b_rv1103b_linux_ipc_v1.0.0_20241016/tools/linux/toolchain/arm-rockchip831-linux-uclibcgnueabihf/bin/../arm-rockchip831-linux-uclibcgnueabihf/sysroot/opt/crosstool-ng/x-tool/arm-rockchip831-linux-uclibcgnueabihf/arm-rockchip831-linux-uclibcgnueabihf/sysroot/include"]
  ignore line: [ignoring duplicate directory "/home/xjy/1106b/ttys2+blooth_but_erofs/rv1106b_rv1103b_linux_ipc_v1.0.0_20241016/tools/linux/toolchain/arm-rockchip831-linux-uclibcgnueabihf/bin/../lib/gcc/../../lib/gcc/arm-rockchip831-linux-uclibcgnueabihf/8.3.0/include-fixed"]
  ignore line: [ignoring duplicate directory "/home/xjy/1106b/ttys2+blooth_but_erofs/rv1106b_rv1103b_linux_ipc_v1.0.0_20241016/tools/linux/toolchain/arm-rockchip831-linux-uclibcgnueabihf/bin/../lib/gcc/../../lib/gcc/arm-rockchip831-linux-uclibcgnueabihf/8.3.0/../../../../arm-rockchip831-linux-uclibcgnueabihf/include"]
  ignore line: [#include "..." search starts here:]
  ignore line: [#include <...> search starts here:]
  ignore line: [ /home/xjy/1106b/ttys2+blooth_but_erofs/rv1106b_rv1103b_linux_ipc_v1.0.0_20241016/tools/linux/toolchain/arm-rockchip831-linux-uclibcgnueabihf/bin/../lib/gcc/arm-rockchip831-linux-uclibcgnueabihf/8.3.0/include]
  ignore line: [ /home/xjy/1106b/ttys2+blooth_but_erofs/rv1106b_rv1103b_linux_ipc_v1.0.0_20241016/tools/linux/toolchain/arm-rockchip831-linux-uclibcgnueabihf/bin/../lib/gcc/arm-rockchip831-linux-uclibcgnueabihf/8.3.0/include-fixed]
  ignore line: [ /home/xjy/1106b/ttys2+blooth_but_erofs/rv1106b_rv1103b_linux_ipc_v1.0.0_20241016/tools/linux/toolchain/arm-rockchip831-linux-uclibcgnueabihf/bin/../lib/gcc/arm-rockchip831-linux-uclibcgnueabihf/8.3.0/../../../../arm-rockchip831-linux-uclibcgnueabihf/include]
  ignore line: [ /home/xjy/1106b/ttys2+blooth_but_erofs/rv1106b_rv1103b_linux_ipc_v1.0.0_20241016/tools/linux/toolchain/arm-rockchip831-linux-uclibcgnueabihf/bin/../arm-rockchip831-linux-uclibcgnueabihf/sysroot/usr/include]
  ignore line: [End of search list.]
  ignore line: [GNU C17 (crosstool-NG 1.24.0 - v1.0.50) version 8.3.0 (arm-rockchip831-linux-uclibcgnueabihf)]
  ignore line: [	compiled by GNU C version 7.5.0  GMP version 6.1.2  MPFR version 4.0.2  MPC version 1.1.0  isl version isl-0.24-GMP]
  ignore line: []
  ignore line: [GGC heuristics: --param ggc-min-expand=100 --param ggc-min-heapsize=131072]
  ignore line: [Compiler executable checksum: 43999957096320054d917fa1024fe014]
  ignore line: [COLLECT_GCC_OPTIONS='-v' '-o' 'CMakeFiles/cmTC_0b9ee.dir/CMakeCCompilerABI.c.o' '-c'  '-mfloat-abi=hard' '-mfpu=neon-vfpv4' '-mtls-dialect=gnu' '-marm' '-march=armv7-a+neon-vfpv4']
  ignore line: [ /home/xjy/1106b/ttys2+blooth_but_erofs/rv1106b_rv1103b_linux_ipc_v1.0.0_20241016/tools/linux/toolchain/arm-rockchip831-linux-uclibcgnueabihf/bin/../lib/gcc/arm-rockchip831-linux-uclibcgnueabihf/8.3.0/../../../../arm-rockchip831-linux-uclibcgnueabihf/bin/as -v -march=armv7-a -mfloat-abi=hard -mfpu=neon-vfpv4 -meabi=5 -o CMakeFiles/cmTC_0b9ee.dir/CMakeCCompilerABI.c.o /tmp/ccpmNFBa.s]
  ignore line: [GNU assembler version 2.32 (arm-rockchip831-linux-uclibcgnueabihf) using BFD version (crosstool-NG 1.24.0 - v1.0.50) 2.32]
  ignore line: [COMPILER_PATH=/home/xjy/1106b/ttys2+blooth_but_erofs/rv1106b_rv1103b_linux_ipc_v1.0.0_20241016/tools/linux/toolchain/arm-rockchip831-linux-uclibcgnueabihf/bin/../libexec/gcc/arm-rockchip831-linux-uclibcgnueabihf/8.3.0/:/home/xjy/1106b/ttys2+blooth_but_erofs/rv1106b_rv1103b_linux_ipc_v1.0.0_20241016/tools/linux/toolchain/arm-rockchip831-linux-uclibcgnueabihf/bin/../libexec/gcc/:/home/xjy/1106b/ttys2+blooth_but_erofs/rv1106b_rv1103b_linux_ipc_v1.0.0_20241016/tools/linux/toolchain/arm-rockchip831-linux-uclibcgnueabihf/bin/../lib/gcc/arm-rockchip831-linux-uclibcgnueabihf/8.3.0/../../../../arm-rockchip831-linux-uclibcgnueabihf/bin/]
  ignore line: [LIBRARY_PATH=/home/xjy/1106b/ttys2+blooth_but_erofs/rv1106b_rv1103b_linux_ipc_v1.0.0_20241016/tools/linux/toolchain/arm-rockchip831-linux-uclibcgnueabihf/bin/../lib/gcc/arm-rockchip831-linux-uclibcgnueabihf/8.3.0/:/home/xjy/1106b/ttys2+blooth_but_erofs/rv1106b_rv1103b_linux_ipc_v1.0.0_20241016/tools/linux/toolchain/arm-rockchip831-linux-uclibcgnueabihf/bin/../lib/gcc/:/home/xjy/1106b/ttys2+blooth_but_erofs/rv1106b_rv1103b_linux_ipc_v1.0.0_20241016/tools/linux/toolchain/arm-rockchip831-linux-uclibcgnueabihf/bin/../lib/gcc/arm-rockchip831-linux-uclibcgnueabihf/8.3.0/../../../../arm-rockchip831-linux-uclibcgnueabihf/lib/:/home/xjy/1106b/ttys2+blooth_but_erofs/rv1106b_rv1103b_linux_ipc_v1.0.0_20241016/tools/linux/toolchain/arm-rockchip831-linux-uclibcgnueabihf/bin/../arm-rockchip831-linux-uclibcgnueabihf/sysroot/lib/:/home/xjy/1106b/ttys2+blooth_but_erofs/rv1106b_rv1103b_linux_ipc_v1.0.0_20241016/tools/linux/toolchain/arm-rockchip831-linux-uclibcgnueabihf/bin/../arm-rockchip831-linux-uclibcgnueabihf/sysroot/usr/lib/]
  ignore line: [COLLECT_GCC_OPTIONS='-v' '-o' 'CMakeFiles/cmTC_0b9ee.dir/CMakeCCompilerABI.c.o' '-c'  '-mfloat-abi=hard' '-mfpu=neon-vfpv4' '-mtls-dialect=gnu' '-marm' '-march=armv7-a+neon-vfpv4']
  ignore line: [Linking C executable cmTC_0b9ee]
  ignore line: [/usr/bin/cmake -E cmake_link_script CMakeFiles/cmTC_0b9ee.dir/link.txt --verbose=1]
  ignore line: [/home/xjy/1106b/ttys2+blooth_but_erofs/rv1106b_rv1103b_linux_ipc_v1.0.0_20241016/tools/linux/toolchain/arm-rockchip831-linux-uclibcgnueabihf/bin/arm-rockchip831-linux-uclibcgnueabihf-cc     -v CMakeFiles/cmTC_0b9ee.dir/CMakeCCompilerABI.c.o  -o cmTC_0b9ee ]
  ignore line: [Using built-in specs.]
  ignore line: [COLLECT_GCC=/home/xjy/1106b/ttys2+blooth_but_erofs/rv1106b_rv1103b_linux_ipc_v1.0.0_20241016/tools/linux/toolchain/arm-rockchip831-linux-uclibcgnueabihf/bin/arm-rockchip831-linux-uclibcgnueabihf-cc]
  ignore line: [COLLECT_LTO_WRAPPER=/home/xjy/1106b/ttys2+blooth_but_erofs/rv1106b_rv1103b_linux_ipc_v1.0.0_20241016/tools/linux/toolchain/arm-rockchip831-linux-uclibcgnueabihf/bin/../libexec/gcc/arm-rockchip831-linux-uclibcgnueabihf/8.3.0/lto-wrapper]
  ignore line: [Target: arm-rockchip831-linux-uclibcgnueabihf]
  ignore line: [Configured with: /opt/crosstool-ng/.build/arm-rockchip831-linux-uclibcgnueabihf/src/gcc/configure --build=x86_64-build_pc-linux-gnu --host=x86_64-build_pc-linux-gnu --target=arm-rockchip831-linux-uclibcgnueabihf --prefix=/opt/crosstool-ng/x-tool/arm-rockchip831-linux-uclibcgnueabihf --with-sysroot=/opt/crosstool-ng/x-tool/arm-rockchip831-linux-uclibcgnueabihf/arm-rockchip831-linux-uclibcgnueabihf/sysroot --enable-languages=c c++ fortran --with-arch=armv7-a --with-fpu=neon-vfpv4 --with-float=hard --with-pkgversion='crosstool-NG 1.24.0 - v1.0.50' --enable-__cxa_atexit --disable-libmudflap --disable-libgomp --disable-libssp --disable-libquadmath --disable-libquadmath-support --disable-libsanitizer --disable-libmpx --with-gmp=/opt/crosstool-ng/.build/arm-rockchip831-linux-uclibcgnueabihf/buildtools --with-mpfr=/opt/crosstool-ng/.build/arm-rockchip831-linux-uclibcgnueabihf/buildtools --with-mpc=/opt/crosstool-ng/.build/arm-rockchip831-linux-uclibcgnueabihf/buildtools --with-isl=/opt/crosstool-ng/.build/arm-rockchip831-linux-uclibcgnueabihf/buildtools --disable-lto --with-host-libstdcxx='-static-libgcc -Wl -Bstatic -lstdc++ -lm' --enable-threads=posix --enable-target-optspace --disable-plugin --disable-nls --disable-multilib --with-local-prefix=/opt/crosstool-ng/x-tool/arm-rockchip831-linux-uclibcgnueabihf/arm-rockchip831-linux-uclibcgnueabihf/sysroot --enable-long-long]
  ignore line: [Thread model: posix]
  ignore line: [gcc version 8.3.0 (crosstool-NG 1.24.0 - v1.0.50) ]
  ignore line: [COMPILER_PATH=/home/xjy/1106b/ttys2+blooth_but_erofs/rv1106b_rv1103b_linux_ipc_v1.0.0_20241016/tools/linux/toolchain/arm-rockchip831-linux-uclibcgnueabihf/bin/../libexec/gcc/arm-rockchip831-linux-uclibcgnueabihf/8.3.0/:/home/xjy/1106b/ttys2+blooth_but_erofs/rv1106b_rv1103b_linux_ipc_v1.0.0_20241016/tools/linux/toolchain/arm-rockchip831-linux-uclibcgnueabihf/bin/../libexec/gcc/:/home/xjy/1106b/ttys2+blooth_but_erofs/rv1106b_rv1103b_linux_ipc_v1.0.0_20241016/tools/linux/toolchain/arm-rockchip831-linux-uclibcgnueabihf/bin/../lib/gcc/arm-rockchip831-linux-uclibcgnueabihf/8.3.0/../../../../arm-rockchip831-linux-uclibcgnueabihf/bin/]
  ignore line: [LIBRARY_PATH=/home/xjy/1106b/ttys2+blooth_but_erofs/rv1106b_rv1103b_linux_ipc_v1.0.0_20241016/tools/linux/toolchain/arm-rockchip831-linux-uclibcgnueabihf/bin/../lib/gcc/arm-rockchip831-linux-uclibcgnueabihf/8.3.0/:/home/xjy/1106b/ttys2+blooth_but_erofs/rv1106b_rv1103b_linux_ipc_v1.0.0_20241016/tools/linux/toolchain/arm-rockchip831-linux-uclibcgnueabihf/bin/../lib/gcc/:/home/xjy/1106b/ttys2+blooth_but_erofs/rv1106b_rv1103b_linux_ipc_v1.0.0_20241016/tools/linux/toolchain/arm-rockchip831-linux-uclibcgnueabihf/bin/../lib/gcc/arm-rockchip831-linux-uclibcgnueabihf/8.3.0/../../../../arm-rockchip831-linux-uclibcgnueabihf/lib/:/home/xjy/1106b/ttys2+blooth_but_erofs/rv1106b_rv1103b_linux_ipc_v1.0.0_20241016/tools/linux/toolchain/arm-rockchip831-linux-uclibcgnueabihf/bin/../arm-rockchip831-linux-uclibcgnueabihf/sysroot/lib/:/home/xjy/1106b/ttys2+blooth_but_erofs/rv1106b_rv1103b_linux_ipc_v1.0.0_20241016/tools/linux/toolchain/arm-rockchip831-linux-uclibcgnueabihf/bin/../arm-rockchip831-linux-uclibcgnueabihf/sysroot/usr/lib/]
  ignore line: [COLLECT_GCC_OPTIONS='-v' '-o' 'cmTC_0b9ee'  '-mfloat-abi=hard' '-mfpu=neon-vfpv4' '-mtls-dialect=gnu' '-marm' '-march=armv7-a+neon-vfpv4']
  link line: [ /home/xjy/1106b/ttys2+blooth_but_erofs/rv1106b_rv1103b_linux_ipc_v1.0.0_20241016/tools/linux/toolchain/arm-rockchip831-linux-uclibcgnueabihf/bin/../libexec/gcc/arm-rockchip831-linux-uclibcgnueabihf/8.3.0/collect2 --sysroot=/home/xjy/1106b/ttys2+blooth_but_erofs/rv1106b_rv1103b_linux_ipc_v1.0.0_20241016/tools/linux/toolchain/arm-rockchip831-linux-uclibcgnueabihf/bin/../arm-rockchip831-linux-uclibcgnueabihf/sysroot --eh-frame-hdr -dynamic-linker /lib/ld-uClibc.so.0 -X -m armelf_linux_eabi -o cmTC_0b9ee /home/xjy/1106b/ttys2+blooth_but_erofs/rv1106b_rv1103b_linux_ipc_v1.0.0_20241016/tools/linux/toolchain/arm-rockchip831-linux-uclibcgnueabihf/bin/../arm-rockchip831-linux-uclibcgnueabihf/sysroot/usr/lib/crt1.o /home/xjy/1106b/ttys2+blooth_but_erofs/rv1106b_rv1103b_linux_ipc_v1.0.0_20241016/tools/linux/toolchain/arm-rockchip831-linux-uclibcgnueabihf/bin/../arm-rockchip831-linux-uclibcgnueabihf/sysroot/usr/lib/crti.o /home/xjy/1106b/ttys2+blooth_but_erofs/rv1106b_rv1103b_linux_ipc_v1.0.0_20241016/tools/linux/toolchain/arm-rockchip831-linux-uclibcgnueabihf/bin/../lib/gcc/arm-rockchip831-linux-uclibcgnueabihf/8.3.0/crtbegin.o -L/home/xjy/1106b/ttys2+blooth_but_erofs/rv1106b_rv1103b_linux_ipc_v1.0.0_20241016/tools/linux/toolchain/arm-rockchip831-linux-uclibcgnueabihf/bin/../lib/gcc/arm-rockchip831-linux-uclibcgnueabihf/8.3.0 -L/home/xjy/1106b/ttys2+blooth_but_erofs/rv1106b_rv1103b_linux_ipc_v1.0.0_20241016/tools/linux/toolchain/arm-rockchip831-linux-uclibcgnueabihf/bin/../lib/gcc -L/home/xjy/1106b/ttys2+blooth_but_erofs/rv1106b_rv1103b_linux_ipc_v1.0.0_20241016/tools/linux/toolchain/arm-rockchip831-linux-uclibcgnueabihf/bin/../lib/gcc/arm-rockchip831-linux-uclibcgnueabihf/8.3.0/../../../../arm-rockchip831-linux-uclibcgnueabihf/lib -L/home/xjy/1106b/ttys2+blooth_but_erofs/rv1106b_rv1103b_linux_ipc_v1.0.0_20241016/tools/linux/toolchain/arm-rockchip831-linux-uclibcgnueabihf/bin/../arm-rockchip831-linux-uclibcgnueabihf/sysroot/lib -L/home/xjy/1106b/ttys2+blooth_but_erofs/rv1106b_rv1103b_linux_ipc_v1.0.0_20241016/tools/linux/toolchain/arm-rockchip831-linux-uclibcgnueabihf/bin/../arm-rockchip831-linux-uclibcgnueabihf/sysroot/usr/lib CMakeFiles/cmTC_0b9ee.dir/CMakeCCompilerABI.c.o -lgcc --as-needed -lgcc_s --no-as-needed -lc -lgcc --as-needed -lgcc_s --no-as-needed /home/xjy/1106b/ttys2+blooth_but_erofs/rv1106b_rv1103b_linux_ipc_v1.0.0_20241016/tools/linux/toolchain/arm-rockchip831-linux-uclibcgnueabihf/bin/../lib/gcc/arm-rockchip831-linux-uclibcgnueabihf/8.3.0/crtend.o /home/xjy/1106b/ttys2+blooth_but_erofs/rv1106b_rv1103b_linux_ipc_v1.0.0_20241016/tools/linux/toolchain/arm-rockchip831-linux-uclibcgnueabihf/bin/../arm-rockchip831-linux-uclibcgnueabihf/sysroot/usr/lib/crtn.o]
    arg [/home/xjy/1106b/ttys2+blooth_but_erofs/rv1106b_rv1103b_linux_ipc_v1.0.0_20241016/tools/linux/toolchain/arm-rockchip831-linux-uclibcgnueabihf/bin/../libexec/gcc/arm-rockchip831-linux-uclibcgnueabihf/8.3.0/collect2] ==> ignore
    arg [--sysroot=/home/xjy/1106b/ttys2+blooth_but_erofs/rv1106b_rv1103b_linux_ipc_v1.0.0_20241016/tools/linux/toolchain/arm-rockchip831-linux-uclibcgnueabihf/bin/../arm-rockchip831-linux-uclibcgnueabihf/sysroot] ==> ignore
    arg [--eh-frame-hdr] ==> ignore
    arg [-dynamic-linker] ==> ignore
    arg [/lib/ld-uClibc.so.0] ==> ignore
    arg [-X] ==> ignore
    arg [-m] ==> ignore
    arg [armelf_linux_eabi] ==> ignore
    arg [-o] ==> ignore
    arg [cmTC_0b9ee] ==> ignore
    arg [/home/xjy/1106b/ttys2+blooth_but_erofs/rv1106b_rv1103b_linux_ipc_v1.0.0_20241016/tools/linux/toolchain/arm-rockchip831-linux-uclibcgnueabihf/bin/../arm-rockchip831-linux-uclibcgnueabihf/sysroot/usr/lib/crt1.o] ==> ignore
    arg [/home/xjy/1106b/ttys2+blooth_but_erofs/rv1106b_rv1103b_linux_ipc_v1.0.0_20241016/tools/linux/toolchain/arm-rockchip831-linux-uclibcgnueabihf/bin/../arm-rockchip831-linux-uclibcgnueabihf/sysroot/usr/lib/crti.o] ==> ignore
    arg [/home/xjy/1106b/ttys2+blooth_but_erofs/rv1106b_rv1103b_linux_ipc_v1.0.0_20241016/tools/linux/toolchain/arm-rockchip831-linux-uclibcgnueabihf/bin/../lib/gcc/arm-rockchip831-linux-uclibcgnueabihf/8.3.0/crtbegin.o] ==> ignore
    arg [-L/home/xjy/1106b/ttys2+blooth_but_erofs/rv1106b_rv1103b_linux_ipc_v1.0.0_20241016/tools/linux/toolchain/arm-rockchip831-linux-uclibcgnueabihf/bin/../lib/gcc/arm-rockchip831-linux-uclibcgnueabihf/8.3.0] ==> dir [/home/xjy/1106b/ttys2+blooth_but_erofs/rv1106b_rv1103b_linux_ipc_v1.0.0_20241016/tools/linux/toolchain/arm-rockchip831-linux-uclibcgnueabihf/bin/../lib/gcc/arm-rockchip831-linux-uclibcgnueabihf/8.3.0]
    arg [-L/home/xjy/1106b/ttys2+blooth_but_erofs/rv1106b_rv1103b_linux_ipc_v1.0.0_20241016/tools/linux/toolchain/arm-rockchip831-linux-uclibcgnueabihf/bin/../lib/gcc] ==> dir [/home/xjy/1106b/ttys2+blooth_but_erofs/rv1106b_rv1103b_linux_ipc_v1.0.0_20241016/tools/linux/toolchain/arm-rockchip831-linux-uclibcgnueabihf/bin/../lib/gcc]
    arg [-L/home/xjy/1106b/ttys2+blooth_but_erofs/rv1106b_rv1103b_linux_ipc_v1.0.0_20241016/tools/linux/toolchain/arm-rockchip831-linux-uclibcgnueabihf/bin/../lib/gcc/arm-rockchip831-linux-uclibcgnueabihf/8.3.0/../../../../arm-rockchip831-linux-uclibcgnueabihf/lib] ==> dir [/home/xjy/1106b/ttys2+blooth_but_erofs/rv1106b_rv1103b_linux_ipc_v1.0.0_20241016/tools/linux/toolchain/arm-rockchip831-linux-uclibcgnueabihf/bin/../lib/gcc/arm-rockchip831-linux-uclibcgnueabihf/8.3.0/../../../../arm-rockchip831-linux-uclibcgnueabihf/lib]
    arg [-L/home/xjy/1106b/ttys2+blooth_but_erofs/rv1106b_rv1103b_linux_ipc_v1.0.0_20241016/tools/linux/toolchain/arm-rockchip831-linux-uclibcgnueabihf/bin/../arm-rockchip831-linux-uclibcgnueabihf/sysroot/lib] ==> dir [/home/xjy/1106b/ttys2+blooth_but_erofs/rv1106b_rv1103b_linux_ipc_v1.0.0_20241016/tools/linux/toolchain/arm-rockchip831-linux-uclibcgnueabihf/bin/../arm-rockchip831-linux-uclibcgnueabihf/sysroot/lib]
    arg [-L/home/xjy/1106b/ttys2+blooth_but_erofs/rv1106b_rv1103b_linux_ipc_v1.0.0_20241016/tools/linux/toolchain/arm-rockchip831-linux-uclibcgnueabihf/bin/../arm-rockchip831-linux-uclibcgnueabihf/sysroot/usr/lib] ==> dir [/home/xjy/1106b/ttys2+blooth_but_erofs/rv1106b_rv1103b_linux_ipc_v1.0.0_20241016/tools/linux/toolchain/arm-rockchip831-linux-uclibcgnueabihf/bin/../arm-rockchip831-linux-uclibcgnueabihf/sysroot/usr/lib]
    arg [CMakeFiles/cmTC_0b9ee.dir/CMakeCCompilerABI.c.o] ==> ignore
    arg [-lgcc] ==> lib [gcc]
    arg [--as-needed] ==> ignore
    arg [-lgcc_s] ==> lib [gcc_s]
    arg [--no-as-needed] ==> ignore
    arg [-lc] ==> lib [c]
    arg [-lgcc] ==> lib [gcc]
    arg [--as-needed] ==> ignore
    arg [-lgcc_s] ==> lib [gcc_s]
    arg [--no-as-needed] ==> ignore
    arg [/home/xjy/1106b/ttys2+blooth_but_erofs/rv1106b_rv1103b_linux_ipc_v1.0.0_20241016/tools/linux/toolchain/arm-rockchip831-linux-uclibcgnueabihf/bin/../lib/gcc/arm-rockchip831-linux-uclibcgnueabihf/8.3.0/crtend.o] ==> ignore
    arg [/home/xjy/1106b/ttys2+blooth_but_erofs/rv1106b_rv1103b_linux_ipc_v1.0.0_20241016/tools/linux/toolchain/arm-rockchip831-linux-uclibcgnueabihf/bin/../arm-rockchip831-linux-uclibcgnueabihf/sysroot/usr/lib/crtn.o] ==> ignore
  collapse library dir [/home/xjy/1106b/ttys2+blooth_but_erofs/rv1106b_rv1103b_linux_ipc_v1.0.0_20241016/tools/linux/toolchain/arm-rockchip831-linux-uclibcgnueabihf/bin/../lib/gcc/arm-rockchip831-linux-uclibcgnueabihf/8.3.0] ==> [/home/xjy/1106b/ttys2+blooth_but_erofs/rv1106b_rv1103b_linux_ipc_v1.0.0_20241016/tools/linux/toolchain/arm-rockchip831-linux-uclibcgnueabihf/lib/gcc/arm-rockchip831-linux-uclibcgnueabihf/8.3.0]
  collapse library dir [/home/xjy/1106b/ttys2+blooth_but_erofs/rv1106b_rv1103b_linux_ipc_v1.0.0_20241016/tools/linux/toolchain/arm-rockchip831-linux-uclibcgnueabihf/bin/../lib/gcc] ==> [/home/xjy/1106b/ttys2+blooth_but_erofs/rv1106b_rv1103b_linux_ipc_v1.0.0_20241016/tools/linux/toolchain/arm-rockchip831-linux-uclibcgnueabihf/lib/gcc]
  collapse library dir [/home/xjy/1106b/ttys2+blooth_but_erofs/rv1106b_rv1103b_linux_ipc_v1.0.0_20241016/tools/linux/toolchain/arm-rockchip831-linux-uclibcgnueabihf/bin/../lib/gcc/arm-rockchip831-linux-uclibcgnueabihf/8.3.0/../../../../arm-rockchip831-linux-uclibcgnueabihf/lib] ==> [/home/xjy/1106b/ttys2+blooth_but_erofs/rv1106b_rv1103b_linux_ipc_v1.0.0_20241016/tools/linux/toolchain/arm-rockchip831-linux-uclibcgnueabihf/arm-rockchip831-linux-uclibcgnueabihf/lib]
  collapse library dir [/home/xjy/1106b/ttys2+blooth_but_erofs/rv1106b_rv1103b_linux_ipc_v1.0.0_20241016/tools/linux/toolchain/arm-rockchip831-linux-uclibcgnueabihf/bin/../arm-rockchip831-linux-uclibcgnueabihf/sysroot/lib] ==> [/home/xjy/1106b/ttys2+blooth_but_erofs/rv1106b_rv1103b_linux_ipc_v1.0.0_20241016/tools/linux/toolchain/arm-rockchip831-linux-uclibcgnueabihf/arm-rockchip831-linux-uclibcgnueabihf/sysroot/lib]
  collapse library dir [/home/xjy/1106b/ttys2+blooth_but_erofs/rv1106b_rv1103b_linux_ipc_v1.0.0_20241016/tools/linux/toolchain/arm-rockchip831-linux-uclibcgnueabihf/bin/../arm-rockchip831-linux-uclibcgnueabihf/sysroot/usr/lib] ==> [/home/xjy/1106b/ttys2+blooth_but_erofs/rv1106b_rv1103b_linux_ipc_v1.0.0_20241016/tools/linux/toolchain/arm-rockchip831-linux-uclibcgnueabihf/arm-rockchip831-linux-uclibcgnueabihf/sysroot/usr/lib]
  implicit libs: [gcc;gcc_s;c;gcc;gcc_s]
  implicit dirs: [/home/xjy/1106b/ttys2+blooth_but_erofs/rv1106b_rv1103b_linux_ipc_v1.0.0_20241016/tools/linux/toolchain/arm-rockchip831-linux-uclibcgnueabihf/lib/gcc/arm-rockchip831-linux-uclibcgnueabihf/8.3.0;/home/xjy/1106b/ttys2+blooth_but_erofs/rv1106b_rv1103b_linux_ipc_v1.0.0_20241016/tools/linux/toolchain/arm-rockchip831-linux-uclibcgnueabihf/lib/gcc;/home/xjy/1106b/ttys2+blooth_but_erofs/rv1106b_rv1103b_linux_ipc_v1.0.0_20241016/tools/linux/toolchain/arm-rockchip831-linux-uclibcgnueabihf/arm-rockchip831-linux-uclibcgnueabihf/lib;/home/xjy/1106b/ttys2+blooth_but_erofs/rv1106b_rv1103b_linux_ipc_v1.0.0_20241016/tools/linux/toolchain/arm-rockchip831-linux-uclibcgnueabihf/arm-rockchip831-linux-uclibcgnueabihf/sysroot/lib;/home/xjy/1106b/ttys2+blooth_but_erofs/rv1106b_rv1103b_linux_ipc_v1.0.0_20241016/tools/linux/toolchain/arm-rockchip831-linux-uclibcgnueabihf/arm-rockchip831-linux-uclibcgnueabihf/sysroot/usr/lib]
  implicit fwks: []


Determining if the CXX compiler works passed with the following output:
Change Dir: /home/xjy/1106b/main/main/build-arm/CMakeFiles/CMakeTmp

Run Build Command(s):/usr/bin/make cmTC_86c10/fast && /usr/bin/make -f CMakeFiles/cmTC_86c10.dir/build.make CMakeFiles/cmTC_86c10.dir/build
make[1]: Entering directory '/home/xjy/1106b/main/main/build-arm/CMakeFiles/CMakeTmp'
Building CXX object CMakeFiles/cmTC_86c10.dir/testCXXCompiler.cxx.o
/home/xjy/1106b/ttys2+blooth_but_erofs/rv1106b_rv1103b_linux_ipc_v1.0.0_20241016/tools/linux/toolchain/arm-rockchip831-linux-uclibcgnueabihf/bin/arm-rockchip831-linux-uclibcgnueabihf-g++     -o CMakeFiles/cmTC_86c10.dir/testCXXCompiler.cxx.o -c /home/xjy/1106b/main/main/build-arm/CMakeFiles/CMakeTmp/testCXXCompiler.cxx
Linking CXX executable cmTC_86c10
/usr/bin/cmake -E cmake_link_script CMakeFiles/cmTC_86c10.dir/link.txt --verbose=1
/home/xjy/1106b/ttys2+blooth_but_erofs/rv1106b_rv1103b_linux_ipc_v1.0.0_20241016/tools/linux/toolchain/arm-rockchip831-linux-uclibcgnueabihf/bin/arm-rockchip831-linux-uclibcgnueabihf-g++       CMakeFiles/cmTC_86c10.dir/testCXXCompiler.cxx.o  -o cmTC_86c10 
make[1]: Leaving directory '/home/xjy/1106b/main/main/build-arm/CMakeFiles/CMakeTmp'



Detecting CXX compiler ABI info compiled with the following output:
Change Dir: /home/xjy/1106b/main/main/build-arm/CMakeFiles/CMakeTmp

Run Build Command(s):/usr/bin/make cmTC_7b9a9/fast && /usr/bin/make -f CMakeFiles/cmTC_7b9a9.dir/build.make CMakeFiles/cmTC_7b9a9.dir/build
make[1]: Entering directory '/home/xjy/1106b/main/main/build-arm/CMakeFiles/CMakeTmp'
Building CXX object CMakeFiles/cmTC_7b9a9.dir/CMakeCXXCompilerABI.cpp.o
/home/xjy/1106b/ttys2+blooth_but_erofs/rv1106b_rv1103b_linux_ipc_v1.0.0_20241016/tools/linux/toolchain/arm-rockchip831-linux-uclibcgnueabihf/bin/arm-rockchip831-linux-uclibcgnueabihf-g++    -v -o CMakeFiles/cmTC_7b9a9.dir/CMakeCXXCompilerABI.cpp.o -c /usr/share/cmake-3.16/Modules/CMakeCXXCompilerABI.cpp
Using built-in specs.
COLLECT_GCC=/home/xjy/1106b/ttys2+blooth_but_erofs/rv1106b_rv1103b_linux_ipc_v1.0.0_20241016/tools/linux/toolchain/arm-rockchip831-linux-uclibcgnueabihf/bin/arm-rockchip831-linux-uclibcgnueabihf-g++
Target: arm-rockchip831-linux-uclibcgnueabihf
Configured with: /opt/crosstool-ng/.build/arm-rockchip831-linux-uclibcgnueabihf/src/gcc/configure --build=x86_64-build_pc-linux-gnu --host=x86_64-build_pc-linux-gnu --target=arm-rockchip831-linux-uclibcgnueabihf --prefix=/opt/crosstool-ng/x-tool/arm-rockchip831-linux-uclibcgnueabihf --with-sysroot=/opt/crosstool-ng/x-tool/arm-rockchip831-linux-uclibcgnueabihf/arm-rockchip831-linux-uclibcgnueabihf/sysroot --enable-languages=c,c++,fortran --with-arch=armv7-a --with-fpu=neon-vfpv4 --with-float=hard --with-pkgversion='crosstool-NG 1.24.0 - v1.0.50' --enable-__cxa_atexit --disable-libmudflap --disable-libgomp --disable-libssp --disable-libquadmath --disable-libquadmath-support --disable-libsanitizer --disable-libmpx --with-gmp=/opt/crosstool-ng/.build/arm-rockchip831-linux-uclibcgnueabihf/buildtools --with-mpfr=/opt/crosstool-ng/.build/arm-rockchip831-linux-uclibcgnueabihf/buildtools --with-mpc=/opt/crosstool-ng/.build/arm-rockchip831-linux-uclibcgnueabihf/buildtools --with-isl=/opt/crosstool-ng/.build/arm-rockchip831-linux-uclibcgnueabihf/buildtools --disable-lto --with-host-libstdcxx='-static-libgcc -Wl,-Bstatic,-lstdc++ -lm' --enable-threads=posix --enable-target-optspace --disable-plugin --disable-nls --disable-multilib --with-local-prefix=/opt/crosstool-ng/x-tool/arm-rockchip831-linux-uclibcgnueabihf/arm-rockchip831-linux-uclibcgnueabihf/sysroot --enable-long-long
Thread model: posix
gcc version 8.3.0 (crosstool-NG 1.24.0 - v1.0.50) 
COLLECT_GCC_OPTIONS='-v' '-o' 'CMakeFiles/cmTC_7b9a9.dir/CMakeCXXCompilerABI.cpp.o' '-c' '-shared-libgcc'  '-mfloat-abi=hard' '-mfpu=neon-vfpv4' '-mtls-dialect=gnu' '-marm' '-march=armv7-a+neon-vfpv4'
 /home/xjy/1106b/ttys2+blooth_but_erofs/rv1106b_rv1103b_linux_ipc_v1.0.0_20241016/tools/linux/toolchain/arm-rockchip831-linux-uclibcgnueabihf/bin/../libexec/gcc/arm-rockchip831-linux-uclibcgnueabihf/8.3.0/cc1plus -quiet -v -iprefix /home/xjy/1106b/ttys2+blooth_but_erofs/rv1106b_rv1103b_linux_ipc_v1.0.0_20241016/tools/linux/toolchain/arm-rockchip831-linux-uclibcgnueabihf/bin/../lib/gcc/arm-rockchip831-linux-uclibcgnueabihf/8.3.0/ -isysroot /home/xjy/1106b/ttys2+blooth_but_erofs/rv1106b_rv1103b_linux_ipc_v1.0.0_20241016/tools/linux/toolchain/arm-rockchip831-linux-uclibcgnueabihf/bin/../arm-rockchip831-linux-uclibcgnueabihf/sysroot -D_GNU_SOURCE /usr/share/cmake-3.16/Modules/CMakeCXXCompilerABI.cpp -quiet -dumpbase CMakeCXXCompilerABI.cpp -mfloat-abi=hard -mfpu=neon-vfpv4 -mtls-dialect=gnu -marm -march=armv7-a+neon-vfpv4 -auxbase-strip CMakeFiles/cmTC_7b9a9.dir/CMakeCXXCompilerABI.cpp.o -version -o /tmp/ccYpx9ul.s
GNU C++14 (crosstool-NG 1.24.0 - v1.0.50) version 8.3.0 (arm-rockchip831-linux-uclibcgnueabihf)
	compiled by GNU C version 7.5.0, GMP version 6.1.2, MPFR version 4.0.2, MPC version 1.1.0, isl version isl-0.24-GMP

GGC heuristics: --param ggc-min-expand=100 --param ggc-min-heapsize=131072
ignoring duplicate directory "/home/xjy/1106b/ttys2+blooth_but_erofs/rv1106b_rv1103b_linux_ipc_v1.0.0_20241016/tools/linux/toolchain/arm-rockchip831-linux-uclibcgnueabihf/bin/../lib/gcc/../../lib/gcc/arm-rockchip831-linux-uclibcgnueabihf/8.3.0/../../../../arm-rockchip831-linux-uclibcgnueabihf/include/c++/8.3.0"
ignoring duplicate directory "/home/xjy/1106b/ttys2+blooth_but_erofs/rv1106b_rv1103b_linux_ipc_v1.0.0_20241016/tools/linux/toolchain/arm-rockchip831-linux-uclibcgnueabihf/bin/../lib/gcc/../../lib/gcc/arm-rockchip831-linux-uclibcgnueabihf/8.3.0/../../../../arm-rockchip831-linux-uclibcgnueabihf/include/c++/8.3.0/arm-rockchip831-linux-uclibcgnueabihf"
ignoring duplicate directory "/home/xjy/1106b/ttys2+blooth_but_erofs/rv1106b_rv1103b_linux_ipc_v1.0.0_20241016/tools/linux/toolchain/arm-rockchip831-linux-uclibcgnueabihf/bin/../lib/gcc/../../lib/gcc/arm-rockchip831-linux-uclibcgnueabihf/8.3.0/../../../../arm-rockchip831-linux-uclibcgnueabihf/include/c++/8.3.0/backward"
ignoring duplicate directory "/home/xjy/1106b/ttys2+blooth_but_erofs/rv1106b_rv1103b_linux_ipc_v1.0.0_20241016/tools/linux/toolchain/arm-rockchip831-linux-uclibcgnueabihf/bin/../lib/gcc/../../lib/gcc/arm-rockchip831-linux-uclibcgnueabihf/8.3.0/include"
ignoring nonexistent directory "/home/xjy/1106b/ttys2+blooth_but_erofs/rv1106b_rv1103b_linux_ipc_v1.0.0_20241016/tools/linux/toolchain/arm-rockchip831-linux-uclibcgnueabihf/bin/../arm-rockchip831-linux-uclibcgnueabihf/sysroot/opt/crosstool-ng/x-tool/arm-rockchip831-linux-uclibcgnueabihf/arm-rockchip831-linux-uclibcgnueabihf/sysroot/include"
ignoring duplicate directory "/home/xjy/1106b/ttys2+blooth_but_erofs/rv1106b_rv1103b_linux_ipc_v1.0.0_20241016/tools/linux/toolchain/arm-rockchip831-linux-uclibcgnueabihf/bin/../lib/gcc/../../lib/gcc/arm-rockchip831-linux-uclibcgnueabihf/8.3.0/include-fixed"
ignoring duplicate directory "/home/xjy/1106b/ttys2+blooth_but_erofs/rv1106b_rv1103b_linux_ipc_v1.0.0_20241016/tools/linux/toolchain/arm-rockchip831-linux-uclibcgnueabihf/bin/../lib/gcc/../../lib/gcc/arm-rockchip831-linux-uclibcgnueabihf/8.3.0/../../../../arm-rockchip831-linux-uclibcgnueabihf/include"
#include "..." search starts here:
#include <...> search starts here:
 /home/xjy/1106b/ttys2+blooth_but_erofs/rv1106b_rv1103b_linux_ipc_v1.0.0_20241016/tools/linux/toolchain/arm-rockchip831-linux-uclibcgnueabihf/bin/../lib/gcc/arm-rockchip831-linux-uclibcgnueabihf/8.3.0/../../../../arm-rockchip831-linux-uclibcgnueabihf/include/c++/8.3.0
 /home/xjy/1106b/ttys2+blooth_but_erofs/rv1106b_rv1103b_linux_ipc_v1.0.0_20241016/tools/linux/toolchain/arm-rockchip831-linux-uclibcgnueabihf/bin/../lib/gcc/arm-rockchip831-linux-uclibcgnueabihf/8.3.0/../../../../arm-rockchip831-linux-uclibcgnueabihf/include/c++/8.3.0/arm-rockchip831-linux-uclibcgnueabihf
 /home/xjy/1106b/ttys2+blooth_but_erofs/rv1106b_rv1103b_linux_ipc_v1.0.0_20241016/tools/linux/toolchain/arm-rockchip831-linux-uclibcgnueabihf/bin/../lib/gcc/arm-rockchip831-linux-uclibcgnueabihf/8.3.0/../../../../arm-rockchip831-linux-uclibcgnueabihf/include/c++/8.3.0/backward
 /home/xjy/1106b/ttys2+blooth_but_erofs/rv1106b_rv1103b_linux_ipc_v1.0.0_20241016/tools/linux/toolchain/arm-rockchip831-linux-uclibcgnueabihf/bin/../lib/gcc/arm-rockchip831-linux-uclibcgnueabihf/8.3.0/include
 /home/xjy/1106b/ttys2+blooth_but_erofs/rv1106b_rv1103b_linux_ipc_v1.0.0_20241016/tools/linux/toolchain/arm-rockchip831-linux-uclibcgnueabihf/bin/../lib/gcc/arm-rockchip831-linux-uclibcgnueabihf/8.3.0/include-fixed
 /home/xjy/1106b/ttys2+blooth_but_erofs/rv1106b_rv1103b_linux_ipc_v1.0.0_20241016/tools/linux/toolchain/arm-rockchip831-linux-uclibcgnueabihf/bin/../lib/gcc/arm-rockchip831-linux-uclibcgnueabihf/8.3.0/../../../../arm-rockchip831-linux-uclibcgnueabihf/include
 /home/xjy/1106b/ttys2+blooth_but_erofs/rv1106b_rv1103b_linux_ipc_v1.0.0_20241016/tools/linux/toolchain/arm-rockchip831-linux-uclibcgnueabihf/bin/../arm-rockchip831-linux-uclibcgnueabihf/sysroot/usr/include
End of search list.
GNU C++14 (crosstool-NG 1.24.0 - v1.0.50) version 8.3.0 (arm-rockchip831-linux-uclibcgnueabihf)
	compiled by GNU C version 7.5.0, GMP version 6.1.2, MPFR version 4.0.2, MPC version 1.1.0, isl version isl-0.24-GMP

GGC heuristics: --param ggc-min-expand=100 --param ggc-min-heapsize=131072
Compiler executable checksum: 8dcc93571147e17e41085edcce6d61da
COLLECT_GCC_OPTIONS='-v' '-o' 'CMakeFiles/cmTC_7b9a9.dir/CMakeCXXCompilerABI.cpp.o' '-c' '-shared-libgcc'  '-mfloat-abi=hard' '-mfpu=neon-vfpv4' '-mtls-dialect=gnu' '-marm' '-march=armv7-a+neon-vfpv4'
 /home/xjy/1106b/ttys2+blooth_but_erofs/rv1106b_rv1103b_linux_ipc_v1.0.0_20241016/tools/linux/toolchain/arm-rockchip831-linux-uclibcgnueabihf/bin/../lib/gcc/arm-rockchip831-linux-uclibcgnueabihf/8.3.0/../../../../arm-rockchip831-linux-uclibcgnueabihf/bin/as -v -march=armv7-a -mfloat-abi=hard -mfpu=neon-vfpv4 -meabi=5 -o CMakeFiles/cmTC_7b9a9.dir/CMakeCXXCompilerABI.cpp.o /tmp/ccYpx9ul.s
GNU assembler version 2.32 (arm-rockchip831-linux-uclibcgnueabihf) using BFD version (crosstool-NG 1.24.0 - v1.0.50) 2.32
COMPILER_PATH=/home/xjy/1106b/ttys2+blooth_but_erofs/rv1106b_rv1103b_linux_ipc_v1.0.0_20241016/tools/linux/toolchain/arm-rockchip831-linux-uclibcgnueabihf/bin/../libexec/gcc/arm-rockchip831-linux-uclibcgnueabihf/8.3.0/:/home/xjy/1106b/ttys2+blooth_but_erofs/rv1106b_rv1103b_linux_ipc_v1.0.0_20241016/tools/linux/toolchain/arm-rockchip831-linux-uclibcgnueabihf/bin/../libexec/gcc/:/home/xjy/1106b/ttys2+blooth_but_erofs/rv1106b_rv1103b_linux_ipc_v1.0.0_20241016/tools/linux/toolchain/arm-rockchip831-linux-uclibcgnueabihf/bin/../lib/gcc/arm-rockchip831-linux-uclibcgnueabihf/8.3.0/../../../../arm-rockchip831-linux-uclibcgnueabihf/bin/
LIBRARY_PATH=/home/xjy/1106b/ttys2+blooth_but_erofs/rv1106b_rv1103b_linux_ipc_v1.0.0_20241016/tools/linux/toolchain/arm-rockchip831-linux-uclibcgnueabihf/bin/../lib/gcc/arm-rockchip831-linux-uclibcgnueabihf/8.3.0/:/home/xjy/1106b/ttys2+blooth_but_erofs/rv1106b_rv1103b_linux_ipc_v1.0.0_20241016/tools/linux/toolchain/arm-rockchip831-linux-uclibcgnueabihf/bin/../lib/gcc/:/home/xjy/1106b/ttys2+blooth_but_erofs/rv1106b_rv1103b_linux_ipc_v1.0.0_20241016/tools/linux/toolchain/arm-rockchip831-linux-uclibcgnueabihf/bin/../lib/gcc/arm-rockchip831-linux-uclibcgnueabihf/8.3.0/../../../../arm-rockchip831-linux-uclibcgnueabihf/lib/:/home/xjy/1106b/ttys2+blooth_but_erofs/rv1106b_rv1103b_linux_ipc_v1.0.0_20241016/tools/linux/toolchain/arm-rockchip831-linux-uclibcgnueabihf/bin/../arm-rockchip831-linux-uclibcgnueabihf/sysroot/lib/:/home/xjy/1106b/ttys2+blooth_but_erofs/rv1106b_rv1103b_linux_ipc_v1.0.0_20241016/tools/linux/toolchain/arm-rockchip831-linux-uclibcgnueabihf/bin/../arm-rockchip831-linux-uclibcgnueabihf/sysroot/usr/lib/
COLLECT_GCC_OPTIONS='-v' '-o' 'CMakeFiles/cmTC_7b9a9.dir/CMakeCXXCompilerABI.cpp.o' '-c' '-shared-libgcc'  '-mfloat-abi=hard' '-mfpu=neon-vfpv4' '-mtls-dialect=gnu' '-marm' '-march=armv7-a+neon-vfpv4'
Linking CXX executable cmTC_7b9a9
/usr/bin/cmake -E cmake_link_script CMakeFiles/cmTC_7b9a9.dir/link.txt --verbose=1
/home/xjy/1106b/ttys2+blooth_but_erofs/rv1106b_rv1103b_linux_ipc_v1.0.0_20241016/tools/linux/toolchain/arm-rockchip831-linux-uclibcgnueabihf/bin/arm-rockchip831-linux-uclibcgnueabihf-g++      -v CMakeFiles/cmTC_7b9a9.dir/CMakeCXXCompilerABI.cpp.o  -o cmTC_7b9a9 
Using built-in specs.
COLLECT_GCC=/home/xjy/1106b/ttys2+blooth_but_erofs/rv1106b_rv1103b_linux_ipc_v1.0.0_20241016/tools/linux/toolchain/arm-rockchip831-linux-uclibcgnueabihf/bin/arm-rockchip831-linux-uclibcgnueabihf-g++
COLLECT_LTO_WRAPPER=/home/xjy/1106b/ttys2+blooth_but_erofs/rv1106b_rv1103b_linux_ipc_v1.0.0_20241016/tools/linux/toolchain/arm-rockchip831-linux-uclibcgnueabihf/bin/../libexec/gcc/arm-rockchip831-linux-uclibcgnueabihf/8.3.0/lto-wrapper
Target: arm-rockchip831-linux-uclibcgnueabihf
Configured with: /opt/crosstool-ng/.build/arm-rockchip831-linux-uclibcgnueabihf/src/gcc/configure --build=x86_64-build_pc-linux-gnu --host=x86_64-build_pc-linux-gnu --target=arm-rockchip831-linux-uclibcgnueabihf --prefix=/opt/crosstool-ng/x-tool/arm-rockchip831-linux-uclibcgnueabihf --with-sysroot=/opt/crosstool-ng/x-tool/arm-rockchip831-linux-uclibcgnueabihf/arm-rockchip831-linux-uclibcgnueabihf/sysroot --enable-languages=c,c++,fortran --with-arch=armv7-a --with-fpu=neon-vfpv4 --with-float=hard --with-pkgversion='crosstool-NG 1.24.0 - v1.0.50' --enable-__cxa_atexit --disable-libmudflap --disable-libgomp --disable-libssp --disable-libquadmath --disable-libquadmath-support --disable-libsanitizer --disable-libmpx --with-gmp=/opt/crosstool-ng/.build/arm-rockchip831-linux-uclibcgnueabihf/buildtools --with-mpfr=/opt/crosstool-ng/.build/arm-rockchip831-linux-uclibcgnueabihf/buildtools --with-mpc=/opt/crosstool-ng/.build/arm-rockchip831-linux-uclibcgnueabihf/buildtools --with-isl=/opt/crosstool-ng/.build/arm-rockchip831-linux-uclibcgnueabihf/buildtools --disable-lto --with-host-libstdcxx='-static-libgcc -Wl,-Bstatic,-lstdc++ -lm' --enable-threads=posix --enable-target-optspace --disable-plugin --disable-nls --disable-multilib --with-local-prefix=/opt/crosstool-ng/x-tool/arm-rockchip831-linux-uclibcgnueabihf/arm-rockchip831-linux-uclibcgnueabihf/sysroot --enable-long-long
Thread model: posix
gcc version 8.3.0 (crosstool-NG 1.24.0 - v1.0.50) 
COMPILER_PATH=/home/xjy/1106b/ttys2+blooth_but_erofs/rv1106b_rv1103b_linux_ipc_v1.0.0_20241016/tools/linux/toolchain/arm-rockchip831-linux-uclibcgnueabihf/bin/../libexec/gcc/arm-rockchip831-linux-uclibcgnueabihf/8.3.0/:/home/xjy/1106b/ttys2+blooth_but_erofs/rv1106b_rv1103b_linux_ipc_v1.0.0_20241016/tools/linux/toolchain/arm-rockchip831-linux-uclibcgnueabihf/bin/../libexec/gcc/:/home/xjy/1106b/ttys2+blooth_but_erofs/rv1106b_rv1103b_linux_ipc_v1.0.0_20241016/tools/linux/toolchain/arm-rockchip831-linux-uclibcgnueabihf/bin/../lib/gcc/arm-rockchip831-linux-uclibcgnueabihf/8.3.0/../../../../arm-rockchip831-linux-uclibcgnueabihf/bin/
LIBRARY_PATH=/home/xjy/1106b/ttys2+blooth_but_erofs/rv1106b_rv1103b_linux_ipc_v1.0.0_20241016/tools/linux/toolchain/arm-rockchip831-linux-uclibcgnueabihf/bin/../lib/gcc/arm-rockchip831-linux-uclibcgnueabihf/8.3.0/:/home/xjy/1106b/ttys2+blooth_but_erofs/rv1106b_rv1103b_linux_ipc_v1.0.0_20241016/tools/linux/toolchain/arm-rockchip831-linux-uclibcgnueabihf/bin/../lib/gcc/:/home/xjy/1106b/ttys2+blooth_but_erofs/rv1106b_rv1103b_linux_ipc_v1.0.0_20241016/tools/linux/toolchain/arm-rockchip831-linux-uclibcgnueabihf/bin/../lib/gcc/arm-rockchip831-linux-uclibcgnueabihf/8.3.0/../../../../arm-rockchip831-linux-uclibcgnueabihf/lib/:/home/xjy/1106b/ttys2+blooth_but_erofs/rv1106b_rv1103b_linux_ipc_v1.0.0_20241016/tools/linux/toolchain/arm-rockchip831-linux-uclibcgnueabihf/bin/../arm-rockchip831-linux-uclibcgnueabihf/sysroot/lib/:/home/xjy/1106b/ttys2+blooth_but_erofs/rv1106b_rv1103b_linux_ipc_v1.0.0_20241016/tools/linux/toolchain/arm-rockchip831-linux-uclibcgnueabihf/bin/../arm-rockchip831-linux-uclibcgnueabihf/sysroot/usr/lib/
COLLECT_GCC_OPTIONS='-v' '-o' 'cmTC_7b9a9' '-shared-libgcc'  '-mfloat-abi=hard' '-mfpu=neon-vfpv4' '-mtls-dialect=gnu' '-marm' '-march=armv7-a+neon-vfpv4'
 /home/xjy/1106b/ttys2+blooth_but_erofs/rv1106b_rv1103b_linux_ipc_v1.0.0_20241016/tools/linux/toolchain/arm-rockchip831-linux-uclibcgnueabihf/bin/../libexec/gcc/arm-rockchip831-linux-uclibcgnueabihf/8.3.0/collect2 --sysroot=/home/xjy/1106b/ttys2+blooth_but_erofs/rv1106b_rv1103b_linux_ipc_v1.0.0_20241016/tools/linux/toolchain/arm-rockchip831-linux-uclibcgnueabihf/bin/../arm-rockchip831-linux-uclibcgnueabihf/sysroot --eh-frame-hdr -dynamic-linker /lib/ld-uClibc.so.0 -X -m armelf_linux_eabi -o cmTC_7b9a9 /home/xjy/1106b/ttys2+blooth_but_erofs/rv1106b_rv1103b_linux_ipc_v1.0.0_20241016/tools/linux/toolchain/arm-rockchip831-linux-uclibcgnueabihf/bin/../arm-rockchip831-linux-uclibcgnueabihf/sysroot/usr/lib/crt1.o /home/xjy/1106b/ttys2+blooth_but_erofs/rv1106b_rv1103b_linux_ipc_v1.0.0_20241016/tools/linux/toolchain/arm-rockchip831-linux-uclibcgnueabihf/bin/../arm-rockchip831-linux-uclibcgnueabihf/sysroot/usr/lib/crti.o /home/xjy/1106b/ttys2+blooth_but_erofs/rv1106b_rv1103b_linux_ipc_v1.0.0_20241016/tools/linux/toolchain/arm-rockchip831-linux-uclibcgnueabihf/bin/../lib/gcc/arm-rockchip831-linux-uclibcgnueabihf/8.3.0/crtbegin.o -L/home/xjy/1106b/ttys2+blooth_but_erofs/rv1106b_rv1103b_linux_ipc_v1.0.0_20241016/tools/linux/toolchain/arm-rockchip831-linux-uclibcgnueabihf/bin/../lib/gcc/arm-rockchip831-linux-uclibcgnueabihf/8.3.0 -L/home/xjy/1106b/ttys2+blooth_but_erofs/rv1106b_rv1103b_linux_ipc_v1.0.0_20241016/tools/linux/toolchain/arm-rockchip831-linux-uclibcgnueabihf/bin/../lib/gcc -L/home/xjy/1106b/ttys2+blooth_but_erofs/rv1106b_rv1103b_linux_ipc_v1.0.0_20241016/tools/linux/toolchain/arm-rockchip831-linux-uclibcgnueabihf/bin/../lib/gcc/arm-rockchip831-linux-uclibcgnueabihf/8.3.0/../../../../arm-rockchip831-linux-uclibcgnueabihf/lib -L/home/xjy/1106b/ttys2+blooth_but_erofs/rv1106b_rv1103b_linux_ipc_v1.0.0_20241016/tools/linux/toolchain/arm-rockchip831-linux-uclibcgnueabihf/bin/../arm-rockchip831-linux-uclibcgnueabihf/sysroot/lib -L/home/xjy/1106b/ttys2+blooth_but_erofs/rv1106b_rv1103b_linux_ipc_v1.0.0_20241016/tools/linux/toolchain/arm-rockchip831-linux-uclibcgnueabihf/bin/../arm-rockchip831-linux-uclibcgnueabihf/sysroot/usr/lib CMakeFiles/cmTC_7b9a9.dir/CMakeCXXCompilerABI.cpp.o -lstdc++ -lm -lgcc_s -lgcc -lc -lgcc_s -lgcc /home/xjy/1106b/ttys2+blooth_but_erofs/rv1106b_rv1103b_linux_ipc_v1.0.0_20241016/tools/linux/toolchain/arm-rockchip831-linux-uclibcgnueabihf/bin/../lib/gcc/arm-rockchip831-linux-uclibcgnueabihf/8.3.0/crtend.o /home/xjy/1106b/ttys2+blooth_but_erofs/rv1106b_rv1103b_linux_ipc_v1.0.0_20241016/tools/linux/toolchain/arm-rockchip831-linux-uclibcgnueabihf/bin/../arm-rockchip831-linux-uclibcgnueabihf/sysroot/usr/lib/crtn.o
COLLECT_GCC_OPTIONS='-v' '-o' 'cmTC_7b9a9' '-shared-libgcc'  '-mfloat-abi=hard' '-mfpu=neon-vfpv4' '-mtls-dialect=gnu' '-marm' '-march=armv7-a+neon-vfpv4'
make[1]: Leaving directory '/home/xjy/1106b/main/main/build-arm/CMakeFiles/CMakeTmp'



Parsed CXX implicit include dir info from above output: rv=done
  found start of include info
  found start of implicit include info
    add: [/home/xjy/1106b/ttys2+blooth_but_erofs/rv1106b_rv1103b_linux_ipc_v1.0.0_20241016/tools/linux/toolchain/arm-rockchip831-linux-uclibcgnueabihf/bin/../lib/gcc/arm-rockchip831-linux-uclibcgnueabihf/8.3.0/../../../../arm-rockchip831-linux-uclibcgnueabihf/include/c++/8.3.0]
    add: [/home/xjy/1106b/ttys2+blooth_but_erofs/rv1106b_rv1103b_linux_ipc_v1.0.0_20241016/tools/linux/toolchain/arm-rockchip831-linux-uclibcgnueabihf/bin/../lib/gcc/arm-rockchip831-linux-uclibcgnueabihf/8.3.0/../../../../arm-rockchip831-linux-uclibcgnueabihf/include/c++/8.3.0/arm-rockchip831-linux-uclibcgnueabihf]
    add: [/home/xjy/1106b/ttys2+blooth_but_erofs/rv1106b_rv1103b_linux_ipc_v1.0.0_20241016/tools/linux/toolchain/arm-rockchip831-linux-uclibcgnueabihf/bin/../lib/gcc/arm-rockchip831-linux-uclibcgnueabihf/8.3.0/../../../../arm-rockchip831-linux-uclibcgnueabihf/include/c++/8.3.0/backward]
    add: [/home/xjy/1106b/ttys2+blooth_but_erofs/rv1106b_rv1103b_linux_ipc_v1.0.0_20241016/tools/linux/toolchain/arm-rockchip831-linux-uclibcgnueabihf/bin/../lib/gcc/arm-rockchip831-linux-uclibcgnueabihf/8.3.0/include]
    add: [/home/xjy/1106b/ttys2+blooth_but_erofs/rv1106b_rv1103b_linux_ipc_v1.0.0_20241016/tools/linux/toolchain/arm-rockchip831-linux-uclibcgnueabihf/bin/../lib/gcc/arm-rockchip831-linux-uclibcgnueabihf/8.3.0/include-fixed]
    add: [/home/xjy/1106b/ttys2+blooth_but_erofs/rv1106b_rv1103b_linux_ipc_v1.0.0_20241016/tools/linux/toolchain/arm-rockchip831-linux-uclibcgnueabihf/bin/../lib/gcc/arm-rockchip831-linux-uclibcgnueabihf/8.3.0/../../../../arm-rockchip831-linux-uclibcgnueabihf/include]
    add: [/home/xjy/1106b/ttys2+blooth_but_erofs/rv1106b_rv1103b_linux_ipc_v1.0.0_20241016/tools/linux/toolchain/arm-rockchip831-linux-uclibcgnueabihf/bin/../arm-rockchip831-linux-uclibcgnueabihf/sysroot/usr/include]
  end of search list found
  collapse include dir [/home/xjy/1106b/ttys2+blooth_but_erofs/rv1106b_rv1103b_linux_ipc_v1.0.0_20241016/tools/linux/toolchain/arm-rockchip831-linux-uclibcgnueabihf/bin/../lib/gcc/arm-rockchip831-linux-uclibcgnueabihf/8.3.0/../../../../arm-rockchip831-linux-uclibcgnueabihf/include/c++/8.3.0] ==> [/home/xjy/1106b/ttys2+blooth_but_erofs/rv1106b_rv1103b_linux_ipc_v1.0.0_20241016/tools/linux/toolchain/arm-rockchip831-linux-uclibcgnueabihf/arm-rockchip831-linux-uclibcgnueabihf/include/c++/8.3.0]
  collapse include dir [/home/xjy/1106b/ttys2+blooth_but_erofs/rv1106b_rv1103b_linux_ipc_v1.0.0_20241016/tools/linux/toolchain/arm-rockchip831-linux-uclibcgnueabihf/bin/../lib/gcc/arm-rockchip831-linux-uclibcgnueabihf/8.3.0/../../../../arm-rockchip831-linux-uclibcgnueabihf/include/c++/8.3.0/arm-rockchip831-linux-uclibcgnueabihf] ==> [/home/xjy/1106b/ttys2+blooth_but_erofs/rv1106b_rv1103b_linux_ipc_v1.0.0_20241016/tools/linux/toolchain/arm-rockchip831-linux-uclibcgnueabihf/arm-rockchip831-linux-uclibcgnueabihf/include/c++/8.3.0/arm-rockchip831-linux-uclibcgnueabihf]
  collapse include dir [/home/xjy/1106b/ttys2+blooth_but_erofs/rv1106b_rv1103b_linux_ipc_v1.0.0_20241016/tools/linux/toolchain/arm-rockchip831-linux-uclibcgnueabihf/bin/../lib/gcc/arm-rockchip831-linux-uclibcgnueabihf/8.3.0/../../../../arm-rockchip831-linux-uclibcgnueabihf/include/c++/8.3.0/backward] ==> [/home/xjy/1106b/ttys2+blooth_but_erofs/rv1106b_rv1103b_linux_ipc_v1.0.0_20241016/tools/linux/toolchain/arm-rockchip831-linux-uclibcgnueabihf/arm-rockchip831-linux-uclibcgnueabihf/include/c++/8.3.0/backward]
  collapse include dir [/home/xjy/1106b/ttys2+blooth_but_erofs/rv1106b_rv1103b_linux_ipc_v1.0.0_20241016/tools/linux/toolchain/arm-rockchip831-linux-uclibcgnueabihf/bin/../lib/gcc/arm-rockchip831-linux-uclibcgnueabihf/8.3.0/include] ==> [/home/xjy/1106b/ttys2+blooth_but_erofs/rv1106b_rv1103b_linux_ipc_v1.0.0_20241016/tools/linux/toolchain/arm-rockchip831-linux-uclibcgnueabihf/lib/gcc/arm-rockchip831-linux-uclibcgnueabihf/8.3.0/include]
  collapse include dir [/home/xjy/1106b/ttys2+blooth_but_erofs/rv1106b_rv1103b_linux_ipc_v1.0.0_20241016/tools/linux/toolchain/arm-rockchip831-linux-uclibcgnueabihf/bin/../lib/gcc/arm-rockchip831-linux-uclibcgnueabihf/8.3.0/include-fixed] ==> [/home/xjy/1106b/ttys2+blooth_but_erofs/rv1106b_rv1103b_linux_ipc_v1.0.0_20241016/tools/linux/toolchain/arm-rockchip831-linux-uclibcgnueabihf/lib/gcc/arm-rockchip831-linux-uclibcgnueabihf/8.3.0/include-fixed]
  collapse include dir [/home/xjy/1106b/ttys2+blooth_but_erofs/rv1106b_rv1103b_linux_ipc_v1.0.0_20241016/tools/linux/toolchain/arm-rockchip831-linux-uclibcgnueabihf/bin/../lib/gcc/arm-rockchip831-linux-uclibcgnueabihf/8.3.0/../../../../arm-rockchip831-linux-uclibcgnueabihf/include] ==> [/home/xjy/1106b/ttys2+blooth_but_erofs/rv1106b_rv1103b_linux_ipc_v1.0.0_20241016/tools/linux/toolchain/arm-rockchip831-linux-uclibcgnueabihf/arm-rockchip831-linux-uclibcgnueabihf/include]
  collapse include dir [/home/xjy/1106b/ttys2+blooth_but_erofs/rv1106b_rv1103b_linux_ipc_v1.0.0_20241016/tools/linux/toolchain/arm-rockchip831-linux-uclibcgnueabihf/bin/../arm-rockchip831-linux-uclibcgnueabihf/sysroot/usr/include] ==> [/home/xjy/1106b/ttys2+blooth_but_erofs/rv1106b_rv1103b_linux_ipc_v1.0.0_20241016/tools/linux/toolchain/arm-rockchip831-linux-uclibcgnueabihf/arm-rockchip831-linux-uclibcgnueabihf/sysroot/usr/include]
  implicit include dirs: [/home/xjy/1106b/ttys2+blooth_but_erofs/rv1106b_rv1103b_linux_ipc_v1.0.0_20241016/tools/linux/toolchain/arm-rockchip831-linux-uclibcgnueabihf/arm-rockchip831-linux-uclibcgnueabihf/include/c++/8.3.0;/home/xjy/1106b/ttys2+blooth_but_erofs/rv1106b_rv1103b_linux_ipc_v1.0.0_20241016/tools/linux/toolchain/arm-rockchip831-linux-uclibcgnueabihf/arm-rockchip831-linux-uclibcgnueabihf/include/c++/8.3.0/arm-rockchip831-linux-uclibcgnueabihf;/home/xjy/1106b/ttys2+blooth_but_erofs/rv1106b_rv1103b_linux_ipc_v1.0.0_20241016/tools/linux/toolchain/arm-rockchip831-linux-uclibcgnueabihf/arm-rockchip831-linux-uclibcgnueabihf/include/c++/8.3.0/backward;/home/xjy/1106b/ttys2+blooth_but_erofs/rv1106b_rv1103b_linux_ipc_v1.0.0_20241016/tools/linux/toolchain/arm-rockchip831-linux-uclibcgnueabihf/lib/gcc/arm-rockchip831-linux-uclibcgnueabihf/8.3.0/include;/home/xjy/1106b/ttys2+blooth_but_erofs/rv1106b_rv1103b_linux_ipc_v1.0.0_20241016/tools/linux/toolchain/arm-rockchip831-linux-uclibcgnueabihf/lib/gcc/arm-rockchip831-linux-uclibcgnueabihf/8.3.0/include-fixed;/home/xjy/1106b/ttys2+blooth_but_erofs/rv1106b_rv1103b_linux_ipc_v1.0.0_20241016/tools/linux/toolchain/arm-rockchip831-linux-uclibcgnueabihf/arm-rockchip831-linux-uclibcgnueabihf/include;/home/xjy/1106b/ttys2+blooth_but_erofs/rv1106b_rv1103b_linux_ipc_v1.0.0_20241016/tools/linux/toolchain/arm-rockchip831-linux-uclibcgnueabihf/arm-rockchip831-linux-uclibcgnueabihf/sysroot/usr/include]


Parsed CXX implicit link information from above output:
  link line regex: [^( *|.*[/\])(arm-rockchip831-linux-uclibcgnueabihf-ld|CMAKE_LINK_STARTFILE-NOTFOUND|([^/\]+-)?ld|collect2)[^/\]*( |$)]
  ignore line: [Change Dir: /home/xjy/1106b/main/main/build-arm/CMakeFiles/CMakeTmp]
  ignore line: []
  ignore line: [Run Build Command(s):/usr/bin/make cmTC_7b9a9/fast && /usr/bin/make -f CMakeFiles/cmTC_7b9a9.dir/build.make CMakeFiles/cmTC_7b9a9.dir/build]
  ignore line: [make[1]: Entering directory '/home/xjy/1106b/main/main/build-arm/CMakeFiles/CMakeTmp']
  ignore line: [Building CXX object CMakeFiles/cmTC_7b9a9.dir/CMakeCXXCompilerABI.cpp.o]
  ignore line: [/home/xjy/1106b/ttys2+blooth_but_erofs/rv1106b_rv1103b_linux_ipc_v1.0.0_20241016/tools/linux/toolchain/arm-rockchip831-linux-uclibcgnueabihf/bin/arm-rockchip831-linux-uclibcgnueabihf-g++    -v -o CMakeFiles/cmTC_7b9a9.dir/CMakeCXXCompilerABI.cpp.o -c /usr/share/cmake-3.16/Modules/CMakeCXXCompilerABI.cpp]
  ignore line: [Using built-in specs.]
  ignore line: [COLLECT_GCC=/home/xjy/1106b/ttys2+blooth_but_erofs/rv1106b_rv1103b_linux_ipc_v1.0.0_20241016/tools/linux/toolchain/arm-rockchip831-linux-uclibcgnueabihf/bin/arm-rockchip831-linux-uclibcgnueabihf-g++]
  ignore line: [Target: arm-rockchip831-linux-uclibcgnueabihf]
  ignore line: [Configured with: /opt/crosstool-ng/.build/arm-rockchip831-linux-uclibcgnueabihf/src/gcc/configure --build=x86_64-build_pc-linux-gnu --host=x86_64-build_pc-linux-gnu --target=arm-rockchip831-linux-uclibcgnueabihf --prefix=/opt/crosstool-ng/x-tool/arm-rockchip831-linux-uclibcgnueabihf --with-sysroot=/opt/crosstool-ng/x-tool/arm-rockchip831-linux-uclibcgnueabihf/arm-rockchip831-linux-uclibcgnueabihf/sysroot --enable-languages=c c++ fortran --with-arch=armv7-a --with-fpu=neon-vfpv4 --with-float=hard --with-pkgversion='crosstool-NG 1.24.0 - v1.0.50' --enable-__cxa_atexit --disable-libmudflap --disable-libgomp --disable-libssp --disable-libquadmath --disable-libquadmath-support --disable-libsanitizer --disable-libmpx --with-gmp=/opt/crosstool-ng/.build/arm-rockchip831-linux-uclibcgnueabihf/buildtools --with-mpfr=/opt/crosstool-ng/.build/arm-rockchip831-linux-uclibcgnueabihf/buildtools --with-mpc=/opt/crosstool-ng/.build/arm-rockchip831-linux-uclibcgnueabihf/buildtools --with-isl=/opt/crosstool-ng/.build/arm-rockchip831-linux-uclibcgnueabihf/buildtools --disable-lto --with-host-libstdcxx='-static-libgcc -Wl -Bstatic -lstdc++ -lm' --enable-threads=posix --enable-target-optspace --disable-plugin --disable-nls --disable-multilib --with-local-prefix=/opt/crosstool-ng/x-tool/arm-rockchip831-linux-uclibcgnueabihf/arm-rockchip831-linux-uclibcgnueabihf/sysroot --enable-long-long]
  ignore line: [Thread model: posix]
  ignore line: [gcc version 8.3.0 (crosstool-NG 1.24.0 - v1.0.50) ]
  ignore line: [COLLECT_GCC_OPTIONS='-v' '-o' 'CMakeFiles/cmTC_7b9a9.dir/CMakeCXXCompilerABI.cpp.o' '-c' '-shared-libgcc'  '-mfloat-abi=hard' '-mfpu=neon-vfpv4' '-mtls-dialect=gnu' '-marm' '-march=armv7-a+neon-vfpv4']
  ignore line: [ /home/xjy/1106b/ttys2+blooth_but_erofs/rv1106b_rv1103b_linux_ipc_v1.0.0_20241016/tools/linux/toolchain/arm-rockchip831-linux-uclibcgnueabihf/bin/../libexec/gcc/arm-rockchip831-linux-uclibcgnueabihf/8.3.0/cc1plus -quiet -v -iprefix /home/xjy/1106b/ttys2+blooth_but_erofs/rv1106b_rv1103b_linux_ipc_v1.0.0_20241016/tools/linux/toolchain/arm-rockchip831-linux-uclibcgnueabihf/bin/../lib/gcc/arm-rockchip831-linux-uclibcgnueabihf/8.3.0/ -isysroot /home/xjy/1106b/ttys2+blooth_but_erofs/rv1106b_rv1103b_linux_ipc_v1.0.0_20241016/tools/linux/toolchain/arm-rockchip831-linux-uclibcgnueabihf/bin/../arm-rockchip831-linux-uclibcgnueabihf/sysroot -D_GNU_SOURCE /usr/share/cmake-3.16/Modules/CMakeCXXCompilerABI.cpp -quiet -dumpbase CMakeCXXCompilerABI.cpp -mfloat-abi=hard -mfpu=neon-vfpv4 -mtls-dialect=gnu -marm -march=armv7-a+neon-vfpv4 -auxbase-strip CMakeFiles/cmTC_7b9a9.dir/CMakeCXXCompilerABI.cpp.o -version -o /tmp/ccYpx9ul.s]
  ignore line: [GNU C++14 (crosstool-NG 1.24.0 - v1.0.50) version 8.3.0 (arm-rockchip831-linux-uclibcgnueabihf)]
  ignore line: [	compiled by GNU C version 7.5.0  GMP version 6.1.2  MPFR version 4.0.2  MPC version 1.1.0  isl version isl-0.24-GMP]
  ignore line: []
  ignore line: [GGC heuristics: --param ggc-min-expand=100 --param ggc-min-heapsize=131072]
  ignore line: [ignoring duplicate directory "/home/xjy/1106b/ttys2+blooth_but_erofs/rv1106b_rv1103b_linux_ipc_v1.0.0_20241016/tools/linux/toolchain/arm-rockchip831-linux-uclibcgnueabihf/bin/../lib/gcc/../../lib/gcc/arm-rockchip831-linux-uclibcgnueabihf/8.3.0/../../../../arm-rockchip831-linux-uclibcgnueabihf/include/c++/8.3.0"]
  ignore line: [ignoring duplicate directory "/home/xjy/1106b/ttys2+blooth_but_erofs/rv1106b_rv1103b_linux_ipc_v1.0.0_20241016/tools/linux/toolchain/arm-rockchip831-linux-uclibcgnueabihf/bin/../lib/gcc/../../lib/gcc/arm-rockchip831-linux-uclibcgnueabihf/8.3.0/../../../../arm-rockchip831-linux-uclibcgnueabihf/include/c++/8.3.0/arm-rockchip831-linux-uclibcgnueabihf"]
  ignore line: [ignoring duplicate directory "/home/xjy/1106b/ttys2+blooth_but_erofs/rv1106b_rv1103b_linux_ipc_v1.0.0_20241016/tools/linux/toolchain/arm-rockchip831-linux-uclibcgnueabihf/bin/../lib/gcc/../../lib/gcc/arm-rockchip831-linux-uclibcgnueabihf/8.3.0/../../../../arm-rockchip831-linux-uclibcgnueabihf/include/c++/8.3.0/backward"]
  ignore line: [ignoring duplicate directory "/home/xjy/1106b/ttys2+blooth_but_erofs/rv1106b_rv1103b_linux_ipc_v1.0.0_20241016/tools/linux/toolchain/arm-rockchip831-linux-uclibcgnueabihf/bin/../lib/gcc/../../lib/gcc/arm-rockchip831-linux-uclibcgnueabihf/8.3.0/include"]
  ignore line: [ignoring nonexistent directory "/home/xjy/1106b/ttys2+blooth_but_erofs/rv1106b_rv1103b_linux_ipc_v1.0.0_20241016/tools/linux/toolchain/arm-rockchip831-linux-uclibcgnueabihf/bin/../arm-rockchip831-linux-uclibcgnueabihf/sysroot/opt/crosstool-ng/x-tool/arm-rockchip831-linux-uclibcgnueabihf/arm-rockchip831-linux-uclibcgnueabihf/sysroot/include"]
  ignore line: [ignoring duplicate directory "/home/xjy/1106b/ttys2+blooth_but_erofs/rv1106b_rv1103b_linux_ipc_v1.0.0_20241016/tools/linux/toolchain/arm-rockchip831-linux-uclibcgnueabihf/bin/../lib/gcc/../../lib/gcc/arm-rockchip831-linux-uclibcgnueabihf/8.3.0/include-fixed"]
  ignore line: [ignoring duplicate directory "/home/xjy/1106b/ttys2+blooth_but_erofs/rv1106b_rv1103b_linux_ipc_v1.0.0_20241016/tools/linux/toolchain/arm-rockchip831-linux-uclibcgnueabihf/bin/../lib/gcc/../../lib/gcc/arm-rockchip831-linux-uclibcgnueabihf/8.3.0/../../../../arm-rockchip831-linux-uclibcgnueabihf/include"]
  ignore line: [#include "..." search starts here:]
  ignore line: [#include <...> search starts here:]
  ignore line: [ /home/xjy/1106b/ttys2+blooth_but_erofs/rv1106b_rv1103b_linux_ipc_v1.0.0_20241016/tools/linux/toolchain/arm-rockchip831-linux-uclibcgnueabihf/bin/../lib/gcc/arm-rockchip831-linux-uclibcgnueabihf/8.3.0/../../../../arm-rockchip831-linux-uclibcgnueabihf/include/c++/8.3.0]
  ignore line: [ /home/xjy/1106b/ttys2+blooth_but_erofs/rv1106b_rv1103b_linux_ipc_v1.0.0_20241016/tools/linux/toolchain/arm-rockchip831-linux-uclibcgnueabihf/bin/../lib/gcc/arm-rockchip831-linux-uclibcgnueabihf/8.3.0/../../../../arm-rockchip831-linux-uclibcgnueabihf/include/c++/8.3.0/arm-rockchip831-linux-uclibcgnueabihf]
  ignore line: [ /home/xjy/1106b/ttys2+blooth_but_erofs/rv1106b_rv1103b_linux_ipc_v1.0.0_20241016/tools/linux/toolchain/arm-rockchip831-linux-uclibcgnueabihf/bin/../lib/gcc/arm-rockchip831-linux-uclibcgnueabihf/8.3.0/../../../../arm-rockchip831-linux-uclibcgnueabihf/include/c++/8.3.0/backward]
  ignore line: [ /home/xjy/1106b/ttys2+blooth_but_erofs/rv1106b_rv1103b_linux_ipc_v1.0.0_20241016/tools/linux/toolchain/arm-rockchip831-linux-uclibcgnueabihf/bin/../lib/gcc/arm-rockchip831-linux-uclibcgnueabihf/8.3.0/include]
  ignore line: [ /home/xjy/1106b/ttys2+blooth_but_erofs/rv1106b_rv1103b_linux_ipc_v1.0.0_20241016/tools/linux/toolchain/arm-rockchip831-linux-uclibcgnueabihf/bin/../lib/gcc/arm-rockchip831-linux-uclibcgnueabihf/8.3.0/include-fixed]
  ignore line: [ /home/xjy/1106b/ttys2+blooth_but_erofs/rv1106b_rv1103b_linux_ipc_v1.0.0_20241016/tools/linux/toolchain/arm-rockchip831-linux-uclibcgnueabihf/bin/../lib/gcc/arm-rockchip831-linux-uclibcgnueabihf/8.3.0/../../../../arm-rockchip831-linux-uclibcgnueabihf/include]
  ignore line: [ /home/xjy/1106b/ttys2+blooth_but_erofs/rv1106b_rv1103b_linux_ipc_v1.0.0_20241016/tools/linux/toolchain/arm-rockchip831-linux-uclibcgnueabihf/bin/../arm-rockchip831-linux-uclibcgnueabihf/sysroot/usr/include]
  ignore line: [End of search list.]
  ignore line: [GNU C++14 (crosstool-NG 1.24.0 - v1.0.50) version 8.3.0 (arm-rockchip831-linux-uclibcgnueabihf)]
  ignore line: [	compiled by GNU C version 7.5.0  GMP version 6.1.2  MPFR version 4.0.2  MPC version 1.1.0  isl version isl-0.24-GMP]
  ignore line: []
  ignore line: [GGC heuristics: --param ggc-min-expand=100 --param ggc-min-heapsize=131072]
  ignore line: [Compiler executable checksum: 8dcc93571147e17e41085edcce6d61da]
  ignore line: [COLLECT_GCC_OPTIONS='-v' '-o' 'CMakeFiles/cmTC_7b9a9.dir/CMakeCXXCompilerABI.cpp.o' '-c' '-shared-libgcc'  '-mfloat-abi=hard' '-mfpu=neon-vfpv4' '-mtls-dialect=gnu' '-marm' '-march=armv7-a+neon-vfpv4']
  ignore line: [ /home/xjy/1106b/ttys2+blooth_but_erofs/rv1106b_rv1103b_linux_ipc_v1.0.0_20241016/tools/linux/toolchain/arm-rockchip831-linux-uclibcgnueabihf/bin/../lib/gcc/arm-rockchip831-linux-uclibcgnueabihf/8.3.0/../../../../arm-rockchip831-linux-uclibcgnueabihf/bin/as -v -march=armv7-a -mfloat-abi=hard -mfpu=neon-vfpv4 -meabi=5 -o CMakeFiles/cmTC_7b9a9.dir/CMakeCXXCompilerABI.cpp.o /tmp/ccYpx9ul.s]
  ignore line: [GNU assembler version 2.32 (arm-rockchip831-linux-uclibcgnueabihf) using BFD version (crosstool-NG 1.24.0 - v1.0.50) 2.32]
  ignore line: [COMPILER_PATH=/home/xjy/1106b/ttys2+blooth_but_erofs/rv1106b_rv1103b_linux_ipc_v1.0.0_20241016/tools/linux/toolchain/arm-rockchip831-linux-uclibcgnueabihf/bin/../libexec/gcc/arm-rockchip831-linux-uclibcgnueabihf/8.3.0/:/home/xjy/1106b/ttys2+blooth_but_erofs/rv1106b_rv1103b_linux_ipc_v1.0.0_20241016/tools/linux/toolchain/arm-rockchip831-linux-uclibcgnueabihf/bin/../libexec/gcc/:/home/xjy/1106b/ttys2+blooth_but_erofs/rv1106b_rv1103b_linux_ipc_v1.0.0_20241016/tools/linux/toolchain/arm-rockchip831-linux-uclibcgnueabihf/bin/../lib/gcc/arm-rockchip831-linux-uclibcgnueabihf/8.3.0/../../../../arm-rockchip831-linux-uclibcgnueabihf/bin/]
  ignore line: [LIBRARY_PATH=/home/xjy/1106b/ttys2+blooth_but_erofs/rv1106b_rv1103b_linux_ipc_v1.0.0_20241016/tools/linux/toolchain/arm-rockchip831-linux-uclibcgnueabihf/bin/../lib/gcc/arm-rockchip831-linux-uclibcgnueabihf/8.3.0/:/home/xjy/1106b/ttys2+blooth_but_erofs/rv1106b_rv1103b_linux_ipc_v1.0.0_20241016/tools/linux/toolchain/arm-rockchip831-linux-uclibcgnueabihf/bin/../lib/gcc/:/home/xjy/1106b/ttys2+blooth_but_erofs/rv1106b_rv1103b_linux_ipc_v1.0.0_20241016/tools/linux/toolchain/arm-rockchip831-linux-uclibcgnueabihf/bin/../lib/gcc/arm-rockchip831-linux-uclibcgnueabihf/8.3.0/../../../../arm-rockchip831-linux-uclibcgnueabihf/lib/:/home/xjy/1106b/ttys2+blooth_but_erofs/rv1106b_rv1103b_linux_ipc_v1.0.0_20241016/tools/linux/toolchain/arm-rockchip831-linux-uclibcgnueabihf/bin/../arm-rockchip831-linux-uclibcgnueabihf/sysroot/lib/:/home/xjy/1106b/ttys2+blooth_but_erofs/rv1106b_rv1103b_linux_ipc_v1.0.0_20241016/tools/linux/toolchain/arm-rockchip831-linux-uclibcgnueabihf/bin/../arm-rockchip831-linux-uclibcgnueabihf/sysroot/usr/lib/]
  ignore line: [COLLECT_GCC_OPTIONS='-v' '-o' 'CMakeFiles/cmTC_7b9a9.dir/CMakeCXXCompilerABI.cpp.o' '-c' '-shared-libgcc'  '-mfloat-abi=hard' '-mfpu=neon-vfpv4' '-mtls-dialect=gnu' '-marm' '-march=armv7-a+neon-vfpv4']
  ignore line: [Linking CXX executable cmTC_7b9a9]
  ignore line: [/usr/bin/cmake -E cmake_link_script CMakeFiles/cmTC_7b9a9.dir/link.txt --verbose=1]
  ignore line: [/home/xjy/1106b/ttys2+blooth_but_erofs/rv1106b_rv1103b_linux_ipc_v1.0.0_20241016/tools/linux/toolchain/arm-rockchip831-linux-uclibcgnueabihf/bin/arm-rockchip831-linux-uclibcgnueabihf-g++      -v CMakeFiles/cmTC_7b9a9.dir/CMakeCXXCompilerABI.cpp.o  -o cmTC_7b9a9 ]
  ignore line: [Using built-in specs.]
  ignore line: [COLLECT_GCC=/home/xjy/1106b/ttys2+blooth_but_erofs/rv1106b_rv1103b_linux_ipc_v1.0.0_20241016/tools/linux/toolchain/arm-rockchip831-linux-uclibcgnueabihf/bin/arm-rockchip831-linux-uclibcgnueabihf-g++]
  ignore line: [COLLECT_LTO_WRAPPER=/home/xjy/1106b/ttys2+blooth_but_erofs/rv1106b_rv1103b_linux_ipc_v1.0.0_20241016/tools/linux/toolchain/arm-rockchip831-linux-uclibcgnueabihf/bin/../libexec/gcc/arm-rockchip831-linux-uclibcgnueabihf/8.3.0/lto-wrapper]
  ignore line: [Target: arm-rockchip831-linux-uclibcgnueabihf]
  ignore line: [Configured with: /opt/crosstool-ng/.build/arm-rockchip831-linux-uclibcgnueabihf/src/gcc/configure --build=x86_64-build_pc-linux-gnu --host=x86_64-build_pc-linux-gnu --target=arm-rockchip831-linux-uclibcgnueabihf --prefix=/opt/crosstool-ng/x-tool/arm-rockchip831-linux-uclibcgnueabihf --with-sysroot=/opt/crosstool-ng/x-tool/arm-rockchip831-linux-uclibcgnueabihf/arm-rockchip831-linux-uclibcgnueabihf/sysroot --enable-languages=c c++ fortran --with-arch=armv7-a --with-fpu=neon-vfpv4 --with-float=hard --with-pkgversion='crosstool-NG 1.24.0 - v1.0.50' --enable-__cxa_atexit --disable-libmudflap --disable-libgomp --disable-libssp --disable-libquadmath --disable-libquadmath-support --disable-libsanitizer --disable-libmpx --with-gmp=/opt/crosstool-ng/.build/arm-rockchip831-linux-uclibcgnueabihf/buildtools --with-mpfr=/opt/crosstool-ng/.build/arm-rockchip831-linux-uclibcgnueabihf/buildtools --with-mpc=/opt/crosstool-ng/.build/arm-rockchip831-linux-uclibcgnueabihf/buildtools --with-isl=/opt/crosstool-ng/.build/arm-rockchip831-linux-uclibcgnueabihf/buildtools --disable-lto --with-host-libstdcxx='-static-libgcc -Wl -Bstatic -lstdc++ -lm' --enable-threads=posix --enable-target-optspace --disable-plugin --disable-nls --disable-multilib --with-local-prefix=/opt/crosstool-ng/x-tool/arm-rockchip831-linux-uclibcgnueabihf/arm-rockchip831-linux-uclibcgnueabihf/sysroot --enable-long-long]
  ignore line: [Thread model: posix]
  ignore line: [gcc version 8.3.0 (crosstool-NG 1.24.0 - v1.0.50) ]
  ignore line: [COMPILER_PATH=/home/xjy/1106b/ttys2+blooth_but_erofs/rv1106b_rv1103b_linux_ipc_v1.0.0_20241016/tools/linux/toolchain/arm-rockchip831-linux-uclibcgnueabihf/bin/../libexec/gcc/arm-rockchip831-linux-uclibcgnueabihf/8.3.0/:/home/xjy/1106b/ttys2+blooth_but_erofs/rv1106b_rv1103b_linux_ipc_v1.0.0_20241016/tools/linux/toolchain/arm-rockchip831-linux-uclibcgnueabihf/bin/../libexec/gcc/:/home/xjy/1106b/ttys2+blooth_but_erofs/rv1106b_rv1103b_linux_ipc_v1.0.0_20241016/tools/linux/toolchain/arm-rockchip831-linux-uclibcgnueabihf/bin/../lib/gcc/arm-rockchip831-linux-uclibcgnueabihf/8.3.0/../../../../arm-rockchip831-linux-uclibcgnueabihf/bin/]
  ignore line: [LIBRARY_PATH=/home/xjy/1106b/ttys2+blooth_but_erofs/rv1106b_rv1103b_linux_ipc_v1.0.0_20241016/tools/linux/toolchain/arm-rockchip831-linux-uclibcgnueabihf/bin/../lib/gcc/arm-rockchip831-linux-uclibcgnueabihf/8.3.0/:/home/xjy/1106b/ttys2+blooth_but_erofs/rv1106b_rv1103b_linux_ipc_v1.0.0_20241016/tools/linux/toolchain/arm-rockchip831-linux-uclibcgnueabihf/bin/../lib/gcc/:/home/xjy/1106b/ttys2+blooth_but_erofs/rv1106b_rv1103b_linux_ipc_v1.0.0_20241016/tools/linux/toolchain/arm-rockchip831-linux-uclibcgnueabihf/bin/../lib/gcc/arm-rockchip831-linux-uclibcgnueabihf/8.3.0/../../../../arm-rockchip831-linux-uclibcgnueabihf/lib/:/home/xjy/1106b/ttys2+blooth_but_erofs/rv1106b_rv1103b_linux_ipc_v1.0.0_20241016/tools/linux/toolchain/arm-rockchip831-linux-uclibcgnueabihf/bin/../arm-rockchip831-linux-uclibcgnueabihf/sysroot/lib/:/home/xjy/1106b/ttys2+blooth_but_erofs/rv1106b_rv1103b_linux_ipc_v1.0.0_20241016/tools/linux/toolchain/arm-rockchip831-linux-uclibcgnueabihf/bin/../arm-rockchip831-linux-uclibcgnueabihf/sysroot/usr/lib/]
  ignore line: [COLLECT_GCC_OPTIONS='-v' '-o' 'cmTC_7b9a9' '-shared-libgcc'  '-mfloat-abi=hard' '-mfpu=neon-vfpv4' '-mtls-dialect=gnu' '-marm' '-march=armv7-a+neon-vfpv4']
  link line: [ /home/xjy/1106b/ttys2+blooth_but_erofs/rv1106b_rv1103b_linux_ipc_v1.0.0_20241016/tools/linux/toolchain/arm-rockchip831-linux-uclibcgnueabihf/bin/../libexec/gcc/arm-rockchip831-linux-uclibcgnueabihf/8.3.0/collect2 --sysroot=/home/xjy/1106b/ttys2+blooth_but_erofs/rv1106b_rv1103b_linux_ipc_v1.0.0_20241016/tools/linux/toolchain/arm-rockchip831-linux-uclibcgnueabihf/bin/../arm-rockchip831-linux-uclibcgnueabihf/sysroot --eh-frame-hdr -dynamic-linker /lib/ld-uClibc.so.0 -X -m armelf_linux_eabi -o cmTC_7b9a9 /home/xjy/1106b/ttys2+blooth_but_erofs/rv1106b_rv1103b_linux_ipc_v1.0.0_20241016/tools/linux/toolchain/arm-rockchip831-linux-uclibcgnueabihf/bin/../arm-rockchip831-linux-uclibcgnueabihf/sysroot/usr/lib/crt1.o /home/xjy/1106b/ttys2+blooth_but_erofs/rv1106b_rv1103b_linux_ipc_v1.0.0_20241016/tools/linux/toolchain/arm-rockchip831-linux-uclibcgnueabihf/bin/../arm-rockchip831-linux-uclibcgnueabihf/sysroot/usr/lib/crti.o /home/xjy/1106b/ttys2+blooth_but_erofs/rv1106b_rv1103b_linux_ipc_v1.0.0_20241016/tools/linux/toolchain/arm-rockchip831-linux-uclibcgnueabihf/bin/../lib/gcc/arm-rockchip831-linux-uclibcgnueabihf/8.3.0/crtbegin.o -L/home/xjy/1106b/ttys2+blooth_but_erofs/rv1106b_rv1103b_linux_ipc_v1.0.0_20241016/tools/linux/toolchain/arm-rockchip831-linux-uclibcgnueabihf/bin/../lib/gcc/arm-rockchip831-linux-uclibcgnueabihf/8.3.0 -L/home/xjy/1106b/ttys2+blooth_but_erofs/rv1106b_rv1103b_linux_ipc_v1.0.0_20241016/tools/linux/toolchain/arm-rockchip831-linux-uclibcgnueabihf/bin/../lib/gcc -L/home/xjy/1106b/ttys2+blooth_but_erofs/rv1106b_rv1103b_linux_ipc_v1.0.0_20241016/tools/linux/toolchain/arm-rockchip831-linux-uclibcgnueabihf/bin/../lib/gcc/arm-rockchip831-linux-uclibcgnueabihf/8.3.0/../../../../arm-rockchip831-linux-uclibcgnueabihf/lib -L/home/xjy/1106b/ttys2+blooth_but_erofs/rv1106b_rv1103b_linux_ipc_v1.0.0_20241016/tools/linux/toolchain/arm-rockchip831-linux-uclibcgnueabihf/bin/../arm-rockchip831-linux-uclibcgnueabihf/sysroot/lib -L/home/xjy/1106b/ttys2+blooth_but_erofs/rv1106b_rv1103b_linux_ipc_v1.0.0_20241016/tools/linux/toolchain/arm-rockchip831-linux-uclibcgnueabihf/bin/../arm-rockchip831-linux-uclibcgnueabihf/sysroot/usr/lib CMakeFiles/cmTC_7b9a9.dir/CMakeCXXCompilerABI.cpp.o -lstdc++ -lm -lgcc_s -lgcc -lc -lgcc_s -lgcc /home/xjy/1106b/ttys2+blooth_but_erofs/rv1106b_rv1103b_linux_ipc_v1.0.0_20241016/tools/linux/toolchain/arm-rockchip831-linux-uclibcgnueabihf/bin/../lib/gcc/arm-rockchip831-linux-uclibcgnueabihf/8.3.0/crtend.o /home/xjy/1106b/ttys2+blooth_but_erofs/rv1106b_rv1103b_linux_ipc_v1.0.0_20241016/tools/linux/toolchain/arm-rockchip831-linux-uclibcgnueabihf/bin/../arm-rockchip831-linux-uclibcgnueabihf/sysroot/usr/lib/crtn.o]
    arg [/home/xjy/1106b/ttys2+blooth_but_erofs/rv1106b_rv1103b_linux_ipc_v1.0.0_20241016/tools/linux/toolchain/arm-rockchip831-linux-uclibcgnueabihf/bin/../libexec/gcc/arm-rockchip831-linux-uclibcgnueabihf/8.3.0/collect2] ==> ignore
    arg [--sysroot=/home/xjy/1106b/ttys2+blooth_but_erofs/rv1106b_rv1103b_linux_ipc_v1.0.0_20241016/tools/linux/toolchain/arm-rockchip831-linux-uclibcgnueabihf/bin/../arm-rockchip831-linux-uclibcgnueabihf/sysroot] ==> ignore
    arg [--eh-frame-hdr] ==> ignore
    arg [-dynamic-linker] ==> ignore
    arg [/lib/ld-uClibc.so.0] ==> ignore
    arg [-X] ==> ignore
    arg [-m] ==> ignore
    arg [armelf_linux_eabi] ==> ignore
    arg [-o] ==> ignore
    arg [cmTC_7b9a9] ==> ignore
    arg [/home/xjy/1106b/ttys2+blooth_but_erofs/rv1106b_rv1103b_linux_ipc_v1.0.0_20241016/tools/linux/toolchain/arm-rockchip831-linux-uclibcgnueabihf/bin/../arm-rockchip831-linux-uclibcgnueabihf/sysroot/usr/lib/crt1.o] ==> ignore
    arg [/home/xjy/1106b/ttys2+blooth_but_erofs/rv1106b_rv1103b_linux_ipc_v1.0.0_20241016/tools/linux/toolchain/arm-rockchip831-linux-uclibcgnueabihf/bin/../arm-rockchip831-linux-uclibcgnueabihf/sysroot/usr/lib/crti.o] ==> ignore
    arg [/home/xjy/1106b/ttys2+blooth_but_erofs/rv1106b_rv1103b_linux_ipc_v1.0.0_20241016/tools/linux/toolchain/arm-rockchip831-linux-uclibcgnueabihf/bin/../lib/gcc/arm-rockchip831-linux-uclibcgnueabihf/8.3.0/crtbegin.o] ==> ignore
    arg [-L/home/xjy/1106b/ttys2+blooth_but_erofs/rv1106b_rv1103b_linux_ipc_v1.0.0_20241016/tools/linux/toolchain/arm-rockchip831-linux-uclibcgnueabihf/bin/../lib/gcc/arm-rockchip831-linux-uclibcgnueabihf/8.3.0] ==> dir [/home/xjy/1106b/ttys2+blooth_but_erofs/rv1106b_rv1103b_linux_ipc_v1.0.0_20241016/tools/linux/toolchain/arm-rockchip831-linux-uclibcgnueabihf/bin/../lib/gcc/arm-rockchip831-linux-uclibcgnueabihf/8.3.0]
    arg [-L/home/xjy/1106b/ttys2+blooth_but_erofs/rv1106b_rv1103b_linux_ipc_v1.0.0_20241016/tools/linux/toolchain/arm-rockchip831-linux-uclibcgnueabihf/bin/../lib/gcc] ==> dir [/home/xjy/1106b/ttys2+blooth_but_erofs/rv1106b_rv1103b_linux_ipc_v1.0.0_20241016/tools/linux/toolchain/arm-rockchip831-linux-uclibcgnueabihf/bin/../lib/gcc]
    arg [-L/home/xjy/1106b/ttys2+blooth_but_erofs/rv1106b_rv1103b_linux_ipc_v1.0.0_20241016/tools/linux/toolchain/arm-rockchip831-linux-uclibcgnueabihf/bin/../lib/gcc/arm-rockchip831-linux-uclibcgnueabihf/8.3.0/../../../../arm-rockchip831-linux-uclibcgnueabihf/lib] ==> dir [/home/xjy/1106b/ttys2+blooth_but_erofs/rv1106b_rv1103b_linux_ipc_v1.0.0_20241016/tools/linux/toolchain/arm-rockchip831-linux-uclibcgnueabihf/bin/../lib/gcc/arm-rockchip831-linux-uclibcgnueabihf/8.3.0/../../../../arm-rockchip831-linux-uclibcgnueabihf/lib]
    arg [-L/home/xjy/1106b/ttys2+blooth_but_erofs/rv1106b_rv1103b_linux_ipc_v1.0.0_20241016/tools/linux/toolchain/arm-rockchip831-linux-uclibcgnueabihf/bin/../arm-rockchip831-linux-uclibcgnueabihf/sysroot/lib] ==> dir [/home/xjy/1106b/ttys2+blooth_but_erofs/rv1106b_rv1103b_linux_ipc_v1.0.0_20241016/tools/linux/toolchain/arm-rockchip831-linux-uclibcgnueabihf/bin/../arm-rockchip831-linux-uclibcgnueabihf/sysroot/lib]
    arg [-L/home/xjy/1106b/ttys2+blooth_but_erofs/rv1106b_rv1103b_linux_ipc_v1.0.0_20241016/tools/linux/toolchain/arm-rockchip831-linux-uclibcgnueabihf/bin/../arm-rockchip831-linux-uclibcgnueabihf/sysroot/usr/lib] ==> dir [/home/xjy/1106b/ttys2+blooth_but_erofs/rv1106b_rv1103b_linux_ipc_v1.0.0_20241016/tools/linux/toolchain/arm-rockchip831-linux-uclibcgnueabihf/bin/../arm-rockchip831-linux-uclibcgnueabihf/sysroot/usr/lib]
    arg [CMakeFiles/cmTC_7b9a9.dir/CMakeCXXCompilerABI.cpp.o] ==> ignore
    arg [-lstdc++] ==> lib [stdc++]
    arg [-lm] ==> lib [m]
    arg [-lgcc_s] ==> lib [gcc_s]
    arg [-lgcc] ==> lib [gcc]
    arg [-lc] ==> lib [c]
    arg [-lgcc_s] ==> lib [gcc_s]
    arg [-lgcc] ==> lib [gcc]
    arg [/home/xjy/1106b/ttys2+blooth_but_erofs/rv1106b_rv1103b_linux_ipc_v1.0.0_20241016/tools/linux/toolchain/arm-rockchip831-linux-uclibcgnueabihf/bin/../lib/gcc/arm-rockchip831-linux-uclibcgnueabihf/8.3.0/crtend.o] ==> ignore
    arg [/home/xjy/1106b/ttys2+blooth_but_erofs/rv1106b_rv1103b_linux_ipc_v1.0.0_20241016/tools/linux/toolchain/arm-rockchip831-linux-uclibcgnueabihf/bin/../arm-rockchip831-linux-uclibcgnueabihf/sysroot/usr/lib/crtn.o] ==> ignore
  collapse library dir [/home/xjy/1106b/ttys2+blooth_but_erofs/rv1106b_rv1103b_linux_ipc_v1.0.0_20241016/tools/linux/toolchain/arm-rockchip831-linux-uclibcgnueabihf/bin/../lib/gcc/arm-rockchip831-linux-uclibcgnueabihf/8.3.0] ==> [/home/xjy/1106b/ttys2+blooth_but_erofs/rv1106b_rv1103b_linux_ipc_v1.0.0_20241016/tools/linux/toolchain/arm-rockchip831-linux-uclibcgnueabihf/lib/gcc/arm-rockchip831-linux-uclibcgnueabihf/8.3.0]
  collapse library dir [/home/xjy/1106b/ttys2+blooth_but_erofs/rv1106b_rv1103b_linux_ipc_v1.0.0_20241016/tools/linux/toolchain/arm-rockchip831-linux-uclibcgnueabihf/bin/../lib/gcc] ==> [/home/xjy/1106b/ttys2+blooth_but_erofs/rv1106b_rv1103b_linux_ipc_v1.0.0_20241016/tools/linux/toolchain/arm-rockchip831-linux-uclibcgnueabihf/lib/gcc]
  collapse library dir [/home/xjy/1106b/ttys2+blooth_but_erofs/rv1106b_rv1103b_linux_ipc_v1.0.0_20241016/tools/linux/toolchain/arm-rockchip831-linux-uclibcgnueabihf/bin/../lib/gcc/arm-rockchip831-linux-uclibcgnueabihf/8.3.0/../../../../arm-rockchip831-linux-uclibcgnueabihf/lib] ==> [/home/xjy/1106b/ttys2+blooth_but_erofs/rv1106b_rv1103b_linux_ipc_v1.0.0_20241016/tools/linux/toolchain/arm-rockchip831-linux-uclibcgnueabihf/arm-rockchip831-linux-uclibcgnueabihf/lib]
  collapse library dir [/home/xjy/1106b/ttys2+blooth_but_erofs/rv1106b_rv1103b_linux_ipc_v1.0.0_20241016/tools/linux/toolchain/arm-rockchip831-linux-uclibcgnueabihf/bin/../arm-rockchip831-linux-uclibcgnueabihf/sysroot/lib] ==> [/home/xjy/1106b/ttys2+blooth_but_erofs/rv1106b_rv1103b_linux_ipc_v1.0.0_20241016/tools/linux/toolchain/arm-rockchip831-linux-uclibcgnueabihf/arm-rockchip831-linux-uclibcgnueabihf/sysroot/lib]
  collapse library dir [/home/xjy/1106b/ttys2+blooth_but_erofs/rv1106b_rv1103b_linux_ipc_v1.0.0_20241016/tools/linux/toolchain/arm-rockchip831-linux-uclibcgnueabihf/bin/../arm-rockchip831-linux-uclibcgnueabihf/sysroot/usr/lib] ==> [/home/xjy/1106b/ttys2+blooth_but_erofs/rv1106b_rv1103b_linux_ipc_v1.0.0_20241016/tools/linux/toolchain/arm-rockchip831-linux-uclibcgnueabihf/arm-rockchip831-linux-uclibcgnueabihf/sysroot/usr/lib]
  implicit libs: [stdc++;m;gcc_s;gcc;c;gcc_s;gcc]
  implicit dirs: [/home/xjy/1106b/ttys2+blooth_but_erofs/rv1106b_rv1103b_linux_ipc_v1.0.0_20241016/tools/linux/toolchain/arm-rockchip831-linux-uclibcgnueabihf/lib/gcc/arm-rockchip831-linux-uclibcgnueabihf/8.3.0;/home/xjy/1106b/ttys2+blooth_but_erofs/rv1106b_rv1103b_linux_ipc_v1.0.0_20241016/tools/linux/toolchain/arm-rockchip831-linux-uclibcgnueabihf/lib/gcc;/home/xjy/1106b/ttys2+blooth_but_erofs/rv1106b_rv1103b_linux_ipc_v1.0.0_20241016/tools/linux/toolchain/arm-rockchip831-linux-uclibcgnueabihf/arm-rockchip831-linux-uclibcgnueabihf/lib;/home/xjy/1106b/ttys2+blooth_but_erofs/rv1106b_rv1103b_linux_ipc_v1.0.0_20241016/tools/linux/toolchain/arm-rockchip831-linux-uclibcgnueabihf/arm-rockchip831-linux-uclibcgnueabihf/sysroot/lib;/home/xjy/1106b/ttys2+blooth_but_erofs/rv1106b_rv1103b_linux_ipc_v1.0.0_20241016/tools/linux/toolchain/arm-rockchip831-linux-uclibcgnueabihf/arm-rockchip831-linux-uclibcgnueabihf/sysroot/usr/lib]
  implicit fwks: []


